<?xml version="1.0" encoding="utf-8" standalone="no"?>
<!--This file represents the results of running a test suite-->
<test-results name="D:\TFS\SSV4.X\src_V4.3\reference\mysql-connector-net\mysql-connector-net-6.3.7-src\Tests\MySql.Data.Tests\MySql.Data.Tests.csproj" total="876" errors="261" failures="1" not-run="0" inconclusive="0" ignored="0" skipped="0" invalid="0" date="2011-10-26" time="17:50:41">
  <environment nunit-version="2.5.10.11092" clr-version="2.0.50727.5448" os-version="Microsoft Windows NT 6.1.7601 Service Pack 1" platform="Win32NT" cwd="C:\Program Files (x86)\NUnit 2.5.10\bin\net-2.0" machine-name="PENGJILU_1" user="pengjilu" user-domain="FEINNO" />
  <culture-info current-culture="zh-CN" current-uiculture="zh-CN" />
  <test-suite type="Project" name="D:\TFS\SSV4.X\src_V4.3\reference\mysql-connector-net\mysql-connector-net-6.3.7-src\Tests\MySql.Data.Tests\MySql.Data.Tests.csproj" executed="True" result="Failure" success="False" time="3051.118" asserts="0">
    <results>
      <test-suite type="Assembly" name="D:\TFS\SSV4.X\src_V4.3\reference\mysql-connector-net\mysql-connector-net-6.3.7-src\Tests\MySql.Data.Tests\bin\Debug\MySql.Data.Tests.dll" executed="True" result="Failure" success="False" time="3051.072" asserts="0">
        <results>
          <test-suite type="Namespace" name="MySql" executed="True" result="Failure" success="False" time="3051.072" asserts="0">
            <results>
              <test-suite type="Namespace" name="Data" executed="True" result="Failure" success="False" time="3051.072" asserts="0">
                <results>
                  <test-suite type="Namespace" name="MySqlClient" executed="True" result="Failure" success="False" time="3051.071" asserts="0">
                    <results>
                      <test-suite type="Namespace" name="Tests" executed="True" result="Failure" success="False" time="3051.071" asserts="0">
                        <results>
                          <test-suite type="TestFixture" name="AsyncTests" executed="True" result="Success" success="True" time="15.893" asserts="0">
                            <results>
                              <test-case name="MySql.Data.MySqlClient.Tests.AsyncTests.ExecuteNonQuery" executed="True" result="Success" success="True" time="9.168" asserts="3" />
                              <test-case name="MySql.Data.MySqlClient.Tests.AsyncTests.ExecuteReader" executed="True" result="Success" success="True" time="3.217" asserts="8" />
                              <test-case name="MySql.Data.MySqlClient.Tests.AsyncTests.ThrowingExceptions" executed="True" result="Success" success="True" time="1.015" asserts="1" />
                            </results>
                          </test-suite>
                          <test-suite type="TestFixture" name="BlobTests" executed="True" result="Success" success="True" time="13.420" asserts="0">
                            <results>
                              <test-case name="MySql.Data.MySqlClient.Tests.BlobTests.BlobBiggerThanMaxPacket" executed="True" result="Success" success="True" time="2.250" asserts="1" />
                              <test-case name="MySql.Data.MySqlClient.Tests.BlobTests.GetChars" executed="True" result="Success" success="True" time="1.271" asserts="20001" />
                              <test-case name="MySql.Data.MySqlClient.Tests.BlobTests.GetCharsOnLongTextColumn" executed="True" result="Success" success="True" time="1.211" asserts="3" />
                              <test-case name="MySql.Data.MySqlClient.Tests.BlobTests.GetCharsPrepared" executed="True" result="Success" success="True" time="1.262" asserts="20001" />
                              <test-case name="MySql.Data.MySqlClient.Tests.BlobTests.InsertBinary" executed="True" result="Success" success="True" time="2.402" asserts="1200005" />
                              <test-case name="MySql.Data.MySqlClient.Tests.BlobTests.InsertText" executed="True" result="Success" success="True" time="1.173" asserts="11" />
                              <test-case name="MySql.Data.MySqlClient.Tests.BlobTests.InsertTextPrepared" executed="True" result="Success" success="True" time="1.199" asserts="11" />
                              <test-case name="MySql.Data.MySqlClient.Tests.BlobTests.MediumIntBlobSize" executed="True" result="Success" success="True" time="1.157" asserts="4" />
                              <test-case name="MySql.Data.MySqlClient.Tests.BlobTests.UpdateDataSet" executed="True" result="Success" success="True" time="1.465" asserts="515" />
                            </results>
                          </test-suite>
                          <test-suite type="TestFixture" name="BlobTestsPipe" executed="True" result="Failure" success="False" time="46.098" asserts="0">
                            <categories>
                              <category name="Pipe" />
                            </categories>
                            <results>
                              <test-case name="MySql.Data.MySqlClient.Tests.BlobTestsPipe.BlobTests.BlobBiggerThanMaxPacket" executed="True" result="Error" success="False" time="5.453" asserts="1">
                                <failure>
                                  <message><![CDATA[SetUp : MySql.Data.MySqlClient.MySqlException : Unable to connect to any of the specified MySQL hosts.
  ----> System.ArgumentException : 无效的句柄。
参数名: handle
TearDown : NUnit.Framework.AssertionException :   Too many processes still running
  Expected: 0
  But was:  1
]]></message>
                                  <stack-trace><![CDATA[在 MySql.Data.MySqlClient.NativeDriver.Open() 位置 D:\TFS\SSV4.X\src_V4.3\reference\mysql-connector-net\mysql-connector-net-6.3.7-src\Source\MySql.Data\NativeDriver.cs:行号 269
在 MySql.Data.MySqlClient.Driver.Open() 位置 D:\TFS\SSV4.X\src_V4.3\reference\mysql-connector-net\mysql-connector-net-6.3.7-src\Source\MySql.Data\Driver.cs:行号 212
在 MySql.Data.MySqlClient.Driver.Create(MySqlConnectionStringBuilder settings) 位置 D:\TFS\SSV4.X\src_V4.3\reference\mysql-connector-net\mysql-connector-net-6.3.7-src\Source\MySql.Data\Driver.cs:行号 200
在 MySql.Data.MySqlClient.MySqlConnection.Open() 位置 D:\TFS\SSV4.X\src_V4.3\reference\mysql-connector-net\mysql-connector-net-6.3.7-src\Source\MySql.Data\Connection.cs:行号 514
在 MySql.Data.MySqlClient.Tests.BaseTest.Open() 位置 D:\TFS\SSV4.X\src_V4.3\reference\mysql-connector-net\mysql-connector-net-6.3.7-src\Tests\MySql.Data.Tests\BaseTest.cs:行号 174
在 MySql.Data.MySqlClient.Tests.BaseTest.Setup() 位置 D:\TFS\SSV4.X\src_V4.3\reference\mysql-connector-net\mysql-connector-net-6.3.7-src\Tests\MySql.Data.Tests\BaseTest.cs:行号 215
--ArgumentException
在 System.IO.FileStream..ctor(SafeFileHandle handle, FileAccess access, Int32 bufferSize, Boolean isAsync)
在 MySql.Data.Common.NamedPipeStream.Open(String path, FileAccess mode, UInt32 timeout) 位置 D:\TFS\SSV4.X\src_V4.3\reference\mysql-connector-net\mysql-connector-net-6.3.7-src\Source\MySql.Data\common\NamedPipeStream.cs:行号 94
在 MySql.Data.Common.NamedPipeStream..ctor(String path, FileAccess mode, UInt32 timeout) 位置 D:\TFS\SSV4.X\src_V4.3\reference\mysql-connector-net\mysql-connector-net-6.3.7-src\Source\MySql.Data\common\NamedPipeStream.cs:行号 51
在 MySql.Data.Common.NamedPipeStream.Create(String pipeName, String hostname, UInt32 timeout) 位置 D:\TFS\SSV4.X\src_V4.3\reference\mysql-connector-net\mysql-connector-net-6.3.7-src\Source\MySql.Data\common\NamedPipeStream.cs:行号 233
在 MySql.Data.Common.StreamCreator.GetStreamFromHost(String pipeName, String hostName, UInt32 timeout) 位置 D:\TFS\SSV4.X\src_V4.3\reference\mysql-connector-net\mysql-connector-net-6.3.7-src\Source\MySql.Data\common\StreamCreator.cs:行号 61
在 MySql.Data.Common.StreamCreator.GetStream(UInt32 timeout) 位置 D:\TFS\SSV4.X\src_V4.3\reference\mysql-connector-net\mysql-connector-net-6.3.7-src\Source\MySql.Data\common\StreamCreator.cs:行号 105
在 MySql.Data.MySqlClient.NativeDriver.Open() 位置 D:\TFS\SSV4.X\src_V4.3\reference\mysql-connector-net\mysql-connector-net-6.3.7-src\Source\MySql.Data\NativeDriver.cs:行号 181
--TearDown
在 MySql.Data.MySqlClient.Tests.BaseTest.Teardown() 位置 D:\TFS\SSV4.X\src_V4.3\reference\mysql-connector-net\mysql-connector-net-6.3.7-src\Tests\MySql.Data.Tests\BaseTest.cs:行号 236
]]></stack-trace>
                                </failure>
                              </test-case>
                              <test-case name="MySql.Data.MySqlClient.Tests.BlobTestsPipe.BlobTests.GetChars" executed="True" result="Error" success="False" time="5.031" asserts="1">
                                <failure>
                                  <message><![CDATA[SetUp : MySql.Data.MySqlClient.MySqlException : Unable to connect to any of the specified MySQL hosts.
  ----> System.ArgumentException : 无效的句柄。
参数名: handle
TearDown : NUnit.Framework.AssertionException :   Too many processes still running
  Expected: 0
  But was:  1
]]></message>
                                  <stack-trace><![CDATA[在 MySql.Data.MySqlClient.NativeDriver.Open() 位置 D:\TFS\SSV4.X\src_V4.3\reference\mysql-connector-net\mysql-connector-net-6.3.7-src\Source\MySql.Data\NativeDriver.cs:行号 269
在 MySql.Data.MySqlClient.Driver.Open() 位置 D:\TFS\SSV4.X\src_V4.3\reference\mysql-connector-net\mysql-connector-net-6.3.7-src\Source\MySql.Data\Driver.cs:行号 212
在 MySql.Data.MySqlClient.Driver.Create(MySqlConnectionStringBuilder settings) 位置 D:\TFS\SSV4.X\src_V4.3\reference\mysql-connector-net\mysql-connector-net-6.3.7-src\Source\MySql.Data\Driver.cs:行号 200
在 MySql.Data.MySqlClient.MySqlConnection.Open() 位置 D:\TFS\SSV4.X\src_V4.3\reference\mysql-connector-net\mysql-connector-net-6.3.7-src\Source\MySql.Data\Connection.cs:行号 514
在 MySql.Data.MySqlClient.Tests.BaseTest.Open() 位置 D:\TFS\SSV4.X\src_V4.3\reference\mysql-connector-net\mysql-connector-net-6.3.7-src\Tests\MySql.Data.Tests\BaseTest.cs:行号 174
在 MySql.Data.MySqlClient.Tests.BaseTest.Setup() 位置 D:\TFS\SSV4.X\src_V4.3\reference\mysql-connector-net\mysql-connector-net-6.3.7-src\Tests\MySql.Data.Tests\BaseTest.cs:行号 215
--ArgumentException
在 System.IO.FileStream..ctor(SafeFileHandle handle, FileAccess access, Int32 bufferSize, Boolean isAsync)
在 MySql.Data.Common.NamedPipeStream.Open(String path, FileAccess mode, UInt32 timeout) 位置 D:\TFS\SSV4.X\src_V4.3\reference\mysql-connector-net\mysql-connector-net-6.3.7-src\Source\MySql.Data\common\NamedPipeStream.cs:行号 94
在 MySql.Data.Common.NamedPipeStream..ctor(String path, FileAccess mode, UInt32 timeout) 位置 D:\TFS\SSV4.X\src_V4.3\reference\mysql-connector-net\mysql-connector-net-6.3.7-src\Source\MySql.Data\common\NamedPipeStream.cs:行号 51
在 MySql.Data.Common.NamedPipeStream.Create(String pipeName, String hostname, UInt32 timeout) 位置 D:\TFS\SSV4.X\src_V4.3\reference\mysql-connector-net\mysql-connector-net-6.3.7-src\Source\MySql.Data\common\NamedPipeStream.cs:行号 233
在 MySql.Data.Common.StreamCreator.GetStreamFromHost(String pipeName, String hostName, UInt32 timeout) 位置 D:\TFS\SSV4.X\src_V4.3\reference\mysql-connector-net\mysql-connector-net-6.3.7-src\Source\MySql.Data\common\StreamCreator.cs:行号 61
在 MySql.Data.Common.StreamCreator.GetStream(UInt32 timeout) 位置 D:\TFS\SSV4.X\src_V4.3\reference\mysql-connector-net\mysql-connector-net-6.3.7-src\Source\MySql.Data\common\StreamCreator.cs:行号 105
在 MySql.Data.MySqlClient.NativeDriver.Open() 位置 D:\TFS\SSV4.X\src_V4.3\reference\mysql-connector-net\mysql-connector-net-6.3.7-src\Source\MySql.Data\NativeDriver.cs:行号 181
--TearDown
在 MySql.Data.MySqlClient.Tests.BaseTest.Teardown() 位置 D:\TFS\SSV4.X\src_V4.3\reference\mysql-connector-net\mysql-connector-net-6.3.7-src\Tests\MySql.Data.Tests\BaseTest.cs:行号 236
]]></stack-trace>
                                </failure>
                              </test-case>
                              <test-case name="MySql.Data.MySqlClient.Tests.BlobTestsPipe.BlobTests.GetCharsOnLongTextColumn" executed="True" result="Error" success="False" time="5.017" asserts="1">
                                <failure>
                                  <message><![CDATA[SetUp : MySql.Data.MySqlClient.MySqlException : Unable to connect to any of the specified MySQL hosts.
  ----> System.ArgumentException : 无效的句柄。
参数名: handle
TearDown : NUnit.Framework.AssertionException :   Too many processes still running
  Expected: 0
  But was:  1
]]></message>
                                  <stack-trace><![CDATA[在 MySql.Data.MySqlClient.NativeDriver.Open() 位置 D:\TFS\SSV4.X\src_V4.3\reference\mysql-connector-net\mysql-connector-net-6.3.7-src\Source\MySql.Data\NativeDriver.cs:行号 269
在 MySql.Data.MySqlClient.Driver.Open() 位置 D:\TFS\SSV4.X\src_V4.3\reference\mysql-connector-net\mysql-connector-net-6.3.7-src\Source\MySql.Data\Driver.cs:行号 212
在 MySql.Data.MySqlClient.Driver.Create(MySqlConnectionStringBuilder settings) 位置 D:\TFS\SSV4.X\src_V4.3\reference\mysql-connector-net\mysql-connector-net-6.3.7-src\Source\MySql.Data\Driver.cs:行号 200
在 MySql.Data.MySqlClient.MySqlConnection.Open() 位置 D:\TFS\SSV4.X\src_V4.3\reference\mysql-connector-net\mysql-connector-net-6.3.7-src\Source\MySql.Data\Connection.cs:行号 514
在 MySql.Data.MySqlClient.Tests.BaseTest.Open() 位置 D:\TFS\SSV4.X\src_V4.3\reference\mysql-connector-net\mysql-connector-net-6.3.7-src\Tests\MySql.Data.Tests\BaseTest.cs:行号 174
在 MySql.Data.MySqlClient.Tests.BaseTest.Setup() 位置 D:\TFS\SSV4.X\src_V4.3\reference\mysql-connector-net\mysql-connector-net-6.3.7-src\Tests\MySql.Data.Tests\BaseTest.cs:行号 215
--ArgumentException
在 System.IO.FileStream..ctor(SafeFileHandle handle, FileAccess access, Int32 bufferSize, Boolean isAsync)
在 MySql.Data.Common.NamedPipeStream.Open(String path, FileAccess mode, UInt32 timeout) 位置 D:\TFS\SSV4.X\src_V4.3\reference\mysql-connector-net\mysql-connector-net-6.3.7-src\Source\MySql.Data\common\NamedPipeStream.cs:行号 94
在 MySql.Data.Common.NamedPipeStream..ctor(String path, FileAccess mode, UInt32 timeout) 位置 D:\TFS\SSV4.X\src_V4.3\reference\mysql-connector-net\mysql-connector-net-6.3.7-src\Source\MySql.Data\common\NamedPipeStream.cs:行号 51
在 MySql.Data.Common.NamedPipeStream.Create(String pipeName, String hostname, UInt32 timeout) 位置 D:\TFS\SSV4.X\src_V4.3\reference\mysql-connector-net\mysql-connector-net-6.3.7-src\Source\MySql.Data\common\NamedPipeStream.cs:行号 233
在 MySql.Data.Common.StreamCreator.GetStreamFromHost(String pipeName, String hostName, UInt32 timeout) 位置 D:\TFS\SSV4.X\src_V4.3\reference\mysql-connector-net\mysql-connector-net-6.3.7-src\Source\MySql.Data\common\StreamCreator.cs:行号 61
在 MySql.Data.Common.StreamCreator.GetStream(UInt32 timeout) 位置 D:\TFS\SSV4.X\src_V4.3\reference\mysql-connector-net\mysql-connector-net-6.3.7-src\Source\MySql.Data\common\StreamCreator.cs:行号 105
在 MySql.Data.MySqlClient.NativeDriver.Open() 位置 D:\TFS\SSV4.X\src_V4.3\reference\mysql-connector-net\mysql-connector-net-6.3.7-src\Source\MySql.Data\NativeDriver.cs:行号 181
--TearDown
在 MySql.Data.MySqlClient.Tests.BaseTest.Teardown() 位置 D:\TFS\SSV4.X\src_V4.3\reference\mysql-connector-net\mysql-connector-net-6.3.7-src\Tests\MySql.Data.Tests\BaseTest.cs:行号 236
]]></stack-trace>
                                </failure>
                              </test-case>
                              <test-case name="MySql.Data.MySqlClient.Tests.BlobTestsPipe.BlobTests.GetCharsPrepared" executed="True" result="Error" success="False" time="5.019" asserts="1">
                                <failure>
                                  <message><![CDATA[SetUp : MySql.Data.MySqlClient.MySqlException : Unable to connect to any of the specified MySQL hosts.
  ----> System.ArgumentException : 无效的句柄。
参数名: handle
TearDown : NUnit.Framework.AssertionException :   Too many processes still running
  Expected: 0
  But was:  1
]]></message>
                                  <stack-trace><![CDATA[在 MySql.Data.MySqlClient.NativeDriver.Open() 位置 D:\TFS\SSV4.X\src_V4.3\reference\mysql-connector-net\mysql-connector-net-6.3.7-src\Source\MySql.Data\NativeDriver.cs:行号 269
在 MySql.Data.MySqlClient.Driver.Open() 位置 D:\TFS\SSV4.X\src_V4.3\reference\mysql-connector-net\mysql-connector-net-6.3.7-src\Source\MySql.Data\Driver.cs:行号 212
在 MySql.Data.MySqlClient.Driver.Create(MySqlConnectionStringBuilder settings) 位置 D:\TFS\SSV4.X\src_V4.3\reference\mysql-connector-net\mysql-connector-net-6.3.7-src\Source\MySql.Data\Driver.cs:行号 200
在 MySql.Data.MySqlClient.MySqlConnection.Open() 位置 D:\TFS\SSV4.X\src_V4.3\reference\mysql-connector-net\mysql-connector-net-6.3.7-src\Source\MySql.Data\Connection.cs:行号 514
在 MySql.Data.MySqlClient.Tests.BaseTest.Open() 位置 D:\TFS\SSV4.X\src_V4.3\reference\mysql-connector-net\mysql-connector-net-6.3.7-src\Tests\MySql.Data.Tests\BaseTest.cs:行号 174
在 MySql.Data.MySqlClient.Tests.BaseTest.Setup() 位置 D:\TFS\SSV4.X\src_V4.3\reference\mysql-connector-net\mysql-connector-net-6.3.7-src\Tests\MySql.Data.Tests\BaseTest.cs:行号 215
--ArgumentException
在 System.IO.FileStream..ctor(SafeFileHandle handle, FileAccess access, Int32 bufferSize, Boolean isAsync)
在 MySql.Data.Common.NamedPipeStream.Open(String path, FileAccess mode, UInt32 timeout) 位置 D:\TFS\SSV4.X\src_V4.3\reference\mysql-connector-net\mysql-connector-net-6.3.7-src\Source\MySql.Data\common\NamedPipeStream.cs:行号 94
在 MySql.Data.Common.NamedPipeStream..ctor(String path, FileAccess mode, UInt32 timeout) 位置 D:\TFS\SSV4.X\src_V4.3\reference\mysql-connector-net\mysql-connector-net-6.3.7-src\Source\MySql.Data\common\NamedPipeStream.cs:行号 51
在 MySql.Data.Common.NamedPipeStream.Create(String pipeName, String hostname, UInt32 timeout) 位置 D:\TFS\SSV4.X\src_V4.3\reference\mysql-connector-net\mysql-connector-net-6.3.7-src\Source\MySql.Data\common\NamedPipeStream.cs:行号 233
在 MySql.Data.Common.StreamCreator.GetStreamFromHost(String pipeName, String hostName, UInt32 timeout) 位置 D:\TFS\SSV4.X\src_V4.3\reference\mysql-connector-net\mysql-connector-net-6.3.7-src\Source\MySql.Data\common\StreamCreator.cs:行号 61
在 MySql.Data.Common.StreamCreator.GetStream(UInt32 timeout) 位置 D:\TFS\SSV4.X\src_V4.3\reference\mysql-connector-net\mysql-connector-net-6.3.7-src\Source\MySql.Data\common\StreamCreator.cs:行号 105
在 MySql.Data.MySqlClient.NativeDriver.Open() 位置 D:\TFS\SSV4.X\src_V4.3\reference\mysql-connector-net\mysql-connector-net-6.3.7-src\Source\MySql.Data\NativeDriver.cs:行号 181
--TearDown
在 MySql.Data.MySqlClient.Tests.BaseTest.Teardown() 位置 D:\TFS\SSV4.X\src_V4.3\reference\mysql-connector-net\mysql-connector-net-6.3.7-src\Tests\MySql.Data.Tests\BaseTest.cs:行号 236
]]></stack-trace>
                                </failure>
                              </test-case>
                              <test-case name="MySql.Data.MySqlClient.Tests.BlobTestsPipe.BlobTests.InsertBinary" executed="True" result="Error" success="False" time="5.036" asserts="1">
                                <failure>
                                  <message><![CDATA[SetUp : MySql.Data.MySqlClient.MySqlException : Unable to connect to any of the specified MySQL hosts.
  ----> System.ArgumentException : 无效的句柄。
参数名: handle
TearDown : NUnit.Framework.AssertionException :   Too many processes still running
  Expected: 0
  But was:  1
]]></message>
                                  <stack-trace><![CDATA[在 MySql.Data.MySqlClient.NativeDriver.Open() 位置 D:\TFS\SSV4.X\src_V4.3\reference\mysql-connector-net\mysql-connector-net-6.3.7-src\Source\MySql.Data\NativeDriver.cs:行号 269
在 MySql.Data.MySqlClient.Driver.Open() 位置 D:\TFS\SSV4.X\src_V4.3\reference\mysql-connector-net\mysql-connector-net-6.3.7-src\Source\MySql.Data\Driver.cs:行号 212
在 MySql.Data.MySqlClient.Driver.Create(MySqlConnectionStringBuilder settings) 位置 D:\TFS\SSV4.X\src_V4.3\reference\mysql-connector-net\mysql-connector-net-6.3.7-src\Source\MySql.Data\Driver.cs:行号 200
在 MySql.Data.MySqlClient.MySqlConnection.Open() 位置 D:\TFS\SSV4.X\src_V4.3\reference\mysql-connector-net\mysql-connector-net-6.3.7-src\Source\MySql.Data\Connection.cs:行号 514
在 MySql.Data.MySqlClient.Tests.BaseTest.Open() 位置 D:\TFS\SSV4.X\src_V4.3\reference\mysql-connector-net\mysql-connector-net-6.3.7-src\Tests\MySql.Data.Tests\BaseTest.cs:行号 174
在 MySql.Data.MySqlClient.Tests.BaseTest.Setup() 位置 D:\TFS\SSV4.X\src_V4.3\reference\mysql-connector-net\mysql-connector-net-6.3.7-src\Tests\MySql.Data.Tests\BaseTest.cs:行号 215
--ArgumentException
在 System.IO.FileStream..ctor(SafeFileHandle handle, FileAccess access, Int32 bufferSize, Boolean isAsync)
在 MySql.Data.Common.NamedPipeStream.Open(String path, FileAccess mode, UInt32 timeout) 位置 D:\TFS\SSV4.X\src_V4.3\reference\mysql-connector-net\mysql-connector-net-6.3.7-src\Source\MySql.Data\common\NamedPipeStream.cs:行号 94
在 MySql.Data.Common.NamedPipeStream..ctor(String path, FileAccess mode, UInt32 timeout) 位置 D:\TFS\SSV4.X\src_V4.3\reference\mysql-connector-net\mysql-connector-net-6.3.7-src\Source\MySql.Data\common\NamedPipeStream.cs:行号 51
在 MySql.Data.Common.NamedPipeStream.Create(String pipeName, String hostname, UInt32 timeout) 位置 D:\TFS\SSV4.X\src_V4.3\reference\mysql-connector-net\mysql-connector-net-6.3.7-src\Source\MySql.Data\common\NamedPipeStream.cs:行号 233
在 MySql.Data.Common.StreamCreator.GetStreamFromHost(String pipeName, String hostName, UInt32 timeout) 位置 D:\TFS\SSV4.X\src_V4.3\reference\mysql-connector-net\mysql-connector-net-6.3.7-src\Source\MySql.Data\common\StreamCreator.cs:行号 61
在 MySql.Data.Common.StreamCreator.GetStream(UInt32 timeout) 位置 D:\TFS\SSV4.X\src_V4.3\reference\mysql-connector-net\mysql-connector-net-6.3.7-src\Source\MySql.Data\common\StreamCreator.cs:行号 105
在 MySql.Data.MySqlClient.NativeDriver.Open() 位置 D:\TFS\SSV4.X\src_V4.3\reference\mysql-connector-net\mysql-connector-net-6.3.7-src\Source\MySql.Data\NativeDriver.cs:行号 181
--TearDown
在 MySql.Data.MySqlClient.Tests.BaseTest.Teardown() 位置 D:\TFS\SSV4.X\src_V4.3\reference\mysql-connector-net\mysql-connector-net-6.3.7-src\Tests\MySql.Data.Tests\BaseTest.cs:行号 236
]]></stack-trace>
                                </failure>
                              </test-case>
                              <test-case name="MySql.Data.MySqlClient.Tests.BlobTestsPipe.BlobTests.InsertText" executed="True" result="Error" success="False" time="5.022" asserts="1">
                                <failure>
                                  <message><![CDATA[SetUp : MySql.Data.MySqlClient.MySqlException : Unable to connect to any of the specified MySQL hosts.
  ----> System.ArgumentException : 无效的句柄。
参数名: handle
TearDown : NUnit.Framework.AssertionException :   Too many processes still running
  Expected: 0
  But was:  1
]]></message>
                                  <stack-trace><![CDATA[在 MySql.Data.MySqlClient.NativeDriver.Open() 位置 D:\TFS\SSV4.X\src_V4.3\reference\mysql-connector-net\mysql-connector-net-6.3.7-src\Source\MySql.Data\NativeDriver.cs:行号 269
在 MySql.Data.MySqlClient.Driver.Open() 位置 D:\TFS\SSV4.X\src_V4.3\reference\mysql-connector-net\mysql-connector-net-6.3.7-src\Source\MySql.Data\Driver.cs:行号 212
在 MySql.Data.MySqlClient.Driver.Create(MySqlConnectionStringBuilder settings) 位置 D:\TFS\SSV4.X\src_V4.3\reference\mysql-connector-net\mysql-connector-net-6.3.7-src\Source\MySql.Data\Driver.cs:行号 200
在 MySql.Data.MySqlClient.MySqlConnection.Open() 位置 D:\TFS\SSV4.X\src_V4.3\reference\mysql-connector-net\mysql-connector-net-6.3.7-src\Source\MySql.Data\Connection.cs:行号 514
在 MySql.Data.MySqlClient.Tests.BaseTest.Open() 位置 D:\TFS\SSV4.X\src_V4.3\reference\mysql-connector-net\mysql-connector-net-6.3.7-src\Tests\MySql.Data.Tests\BaseTest.cs:行号 174
在 MySql.Data.MySqlClient.Tests.BaseTest.Setup() 位置 D:\TFS\SSV4.X\src_V4.3\reference\mysql-connector-net\mysql-connector-net-6.3.7-src\Tests\MySql.Data.Tests\BaseTest.cs:行号 215
--ArgumentException
在 System.IO.FileStream..ctor(SafeFileHandle handle, FileAccess access, Int32 bufferSize, Boolean isAsync)
在 MySql.Data.Common.NamedPipeStream.Open(String path, FileAccess mode, UInt32 timeout) 位置 D:\TFS\SSV4.X\src_V4.3\reference\mysql-connector-net\mysql-connector-net-6.3.7-src\Source\MySql.Data\common\NamedPipeStream.cs:行号 94
在 MySql.Data.Common.NamedPipeStream..ctor(String path, FileAccess mode, UInt32 timeout) 位置 D:\TFS\SSV4.X\src_V4.3\reference\mysql-connector-net\mysql-connector-net-6.3.7-src\Source\MySql.Data\common\NamedPipeStream.cs:行号 51
在 MySql.Data.Common.NamedPipeStream.Create(String pipeName, String hostname, UInt32 timeout) 位置 D:\TFS\SSV4.X\src_V4.3\reference\mysql-connector-net\mysql-connector-net-6.3.7-src\Source\MySql.Data\common\NamedPipeStream.cs:行号 233
在 MySql.Data.Common.StreamCreator.GetStreamFromHost(String pipeName, String hostName, UInt32 timeout) 位置 D:\TFS\SSV4.X\src_V4.3\reference\mysql-connector-net\mysql-connector-net-6.3.7-src\Source\MySql.Data\common\StreamCreator.cs:行号 61
在 MySql.Data.Common.StreamCreator.GetStream(UInt32 timeout) 位置 D:\TFS\SSV4.X\src_V4.3\reference\mysql-connector-net\mysql-connector-net-6.3.7-src\Source\MySql.Data\common\StreamCreator.cs:行号 105
在 MySql.Data.MySqlClient.NativeDriver.Open() 位置 D:\TFS\SSV4.X\src_V4.3\reference\mysql-connector-net\mysql-connector-net-6.3.7-src\Source\MySql.Data\NativeDriver.cs:行号 181
--TearDown
在 MySql.Data.MySqlClient.Tests.BaseTest.Teardown() 位置 D:\TFS\SSV4.X\src_V4.3\reference\mysql-connector-net\mysql-connector-net-6.3.7-src\Tests\MySql.Data.Tests\BaseTest.cs:行号 236
]]></stack-trace>
                                </failure>
                              </test-case>
                              <test-case name="MySql.Data.MySqlClient.Tests.BlobTestsPipe.BlobTests.InsertTextPrepared" executed="True" result="Error" success="False" time="5.028" asserts="1">
                                <failure>
                                  <message><![CDATA[SetUp : MySql.Data.MySqlClient.MySqlException : Unable to connect to any of the specified MySQL hosts.
  ----> System.ArgumentException : 无效的句柄。
参数名: handle
TearDown : NUnit.Framework.AssertionException :   Too many processes still running
  Expected: 0
  But was:  1
]]></message>
                                  <stack-trace><![CDATA[在 MySql.Data.MySqlClient.NativeDriver.Open() 位置 D:\TFS\SSV4.X\src_V4.3\reference\mysql-connector-net\mysql-connector-net-6.3.7-src\Source\MySql.Data\NativeDriver.cs:行号 269
在 MySql.Data.MySqlClient.Driver.Open() 位置 D:\TFS\SSV4.X\src_V4.3\reference\mysql-connector-net\mysql-connector-net-6.3.7-src\Source\MySql.Data\Driver.cs:行号 212
在 MySql.Data.MySqlClient.Driver.Create(MySqlConnectionStringBuilder settings) 位置 D:\TFS\SSV4.X\src_V4.3\reference\mysql-connector-net\mysql-connector-net-6.3.7-src\Source\MySql.Data\Driver.cs:行号 200
在 MySql.Data.MySqlClient.MySqlConnection.Open() 位置 D:\TFS\SSV4.X\src_V4.3\reference\mysql-connector-net\mysql-connector-net-6.3.7-src\Source\MySql.Data\Connection.cs:行号 514
在 MySql.Data.MySqlClient.Tests.BaseTest.Open() 位置 D:\TFS\SSV4.X\src_V4.3\reference\mysql-connector-net\mysql-connector-net-6.3.7-src\Tests\MySql.Data.Tests\BaseTest.cs:行号 174
在 MySql.Data.MySqlClient.Tests.BaseTest.Setup() 位置 D:\TFS\SSV4.X\src_V4.3\reference\mysql-connector-net\mysql-connector-net-6.3.7-src\Tests\MySql.Data.Tests\BaseTest.cs:行号 215
--ArgumentException
在 System.IO.FileStream..ctor(SafeFileHandle handle, FileAccess access, Int32 bufferSize, Boolean isAsync)
在 MySql.Data.Common.NamedPipeStream.Open(String path, FileAccess mode, UInt32 timeout) 位置 D:\TFS\SSV4.X\src_V4.3\reference\mysql-connector-net\mysql-connector-net-6.3.7-src\Source\MySql.Data\common\NamedPipeStream.cs:行号 94
在 MySql.Data.Common.NamedPipeStream..ctor(String path, FileAccess mode, UInt32 timeout) 位置 D:\TFS\SSV4.X\src_V4.3\reference\mysql-connector-net\mysql-connector-net-6.3.7-src\Source\MySql.Data\common\NamedPipeStream.cs:行号 51
在 MySql.Data.Common.NamedPipeStream.Create(String pipeName, String hostname, UInt32 timeout) 位置 D:\TFS\SSV4.X\src_V4.3\reference\mysql-connector-net\mysql-connector-net-6.3.7-src\Source\MySql.Data\common\NamedPipeStream.cs:行号 233
在 MySql.Data.Common.StreamCreator.GetStreamFromHost(String pipeName, String hostName, UInt32 timeout) 位置 D:\TFS\SSV4.X\src_V4.3\reference\mysql-connector-net\mysql-connector-net-6.3.7-src\Source\MySql.Data\common\StreamCreator.cs:行号 61
在 MySql.Data.Common.StreamCreator.GetStream(UInt32 timeout) 位置 D:\TFS\SSV4.X\src_V4.3\reference\mysql-connector-net\mysql-connector-net-6.3.7-src\Source\MySql.Data\common\StreamCreator.cs:行号 105
在 MySql.Data.MySqlClient.NativeDriver.Open() 位置 D:\TFS\SSV4.X\src_V4.3\reference\mysql-connector-net\mysql-connector-net-6.3.7-src\Source\MySql.Data\NativeDriver.cs:行号 181
--TearDown
在 MySql.Data.MySqlClient.Tests.BaseTest.Teardown() 位置 D:\TFS\SSV4.X\src_V4.3\reference\mysql-connector-net\mysql-connector-net-6.3.7-src\Tests\MySql.Data.Tests\BaseTest.cs:行号 236
]]></stack-trace>
                                </failure>
                              </test-case>
                              <test-case name="MySql.Data.MySqlClient.Tests.BlobTestsPipe.BlobTests.MediumIntBlobSize" executed="True" result="Error" success="False" time="5.024" asserts="1">
                                <failure>
                                  <message><![CDATA[SetUp : MySql.Data.MySqlClient.MySqlException : Unable to connect to any of the specified MySQL hosts.
  ----> System.ArgumentException : 无效的句柄。
参数名: handle
TearDown : NUnit.Framework.AssertionException :   Too many processes still running
  Expected: 0
  But was:  1
]]></message>
                                  <stack-trace><![CDATA[在 MySql.Data.MySqlClient.NativeDriver.Open() 位置 D:\TFS\SSV4.X\src_V4.3\reference\mysql-connector-net\mysql-connector-net-6.3.7-src\Source\MySql.Data\NativeDriver.cs:行号 269
在 MySql.Data.MySqlClient.Driver.Open() 位置 D:\TFS\SSV4.X\src_V4.3\reference\mysql-connector-net\mysql-connector-net-6.3.7-src\Source\MySql.Data\Driver.cs:行号 212
在 MySql.Data.MySqlClient.Driver.Create(MySqlConnectionStringBuilder settings) 位置 D:\TFS\SSV4.X\src_V4.3\reference\mysql-connector-net\mysql-connector-net-6.3.7-src\Source\MySql.Data\Driver.cs:行号 200
在 MySql.Data.MySqlClient.MySqlConnection.Open() 位置 D:\TFS\SSV4.X\src_V4.3\reference\mysql-connector-net\mysql-connector-net-6.3.7-src\Source\MySql.Data\Connection.cs:行号 514
在 MySql.Data.MySqlClient.Tests.BaseTest.Open() 位置 D:\TFS\SSV4.X\src_V4.3\reference\mysql-connector-net\mysql-connector-net-6.3.7-src\Tests\MySql.Data.Tests\BaseTest.cs:行号 174
在 MySql.Data.MySqlClient.Tests.BaseTest.Setup() 位置 D:\TFS\SSV4.X\src_V4.3\reference\mysql-connector-net\mysql-connector-net-6.3.7-src\Tests\MySql.Data.Tests\BaseTest.cs:行号 215
--ArgumentException
在 System.IO.FileStream..ctor(SafeFileHandle handle, FileAccess access, Int32 bufferSize, Boolean isAsync)
在 MySql.Data.Common.NamedPipeStream.Open(String path, FileAccess mode, UInt32 timeout) 位置 D:\TFS\SSV4.X\src_V4.3\reference\mysql-connector-net\mysql-connector-net-6.3.7-src\Source\MySql.Data\common\NamedPipeStream.cs:行号 94
在 MySql.Data.Common.NamedPipeStream..ctor(String path, FileAccess mode, UInt32 timeout) 位置 D:\TFS\SSV4.X\src_V4.3\reference\mysql-connector-net\mysql-connector-net-6.3.7-src\Source\MySql.Data\common\NamedPipeStream.cs:行号 51
在 MySql.Data.Common.NamedPipeStream.Create(String pipeName, String hostname, UInt32 timeout) 位置 D:\TFS\SSV4.X\src_V4.3\reference\mysql-connector-net\mysql-connector-net-6.3.7-src\Source\MySql.Data\common\NamedPipeStream.cs:行号 233
在 MySql.Data.Common.StreamCreator.GetStreamFromHost(String pipeName, String hostName, UInt32 timeout) 位置 D:\TFS\SSV4.X\src_V4.3\reference\mysql-connector-net\mysql-connector-net-6.3.7-src\Source\MySql.Data\common\StreamCreator.cs:行号 61
在 MySql.Data.Common.StreamCreator.GetStream(UInt32 timeout) 位置 D:\TFS\SSV4.X\src_V4.3\reference\mysql-connector-net\mysql-connector-net-6.3.7-src\Source\MySql.Data\common\StreamCreator.cs:行号 105
在 MySql.Data.MySqlClient.NativeDriver.Open() 位置 D:\TFS\SSV4.X\src_V4.3\reference\mysql-connector-net\mysql-connector-net-6.3.7-src\Source\MySql.Data\NativeDriver.cs:行号 181
--TearDown
在 MySql.Data.MySqlClient.Tests.BaseTest.Teardown() 位置 D:\TFS\SSV4.X\src_V4.3\reference\mysql-connector-net\mysql-connector-net-6.3.7-src\Tests\MySql.Data.Tests\BaseTest.cs:行号 236
]]></stack-trace>
                                </failure>
                              </test-case>
                              <test-case name="MySql.Data.MySqlClient.Tests.BlobTestsPipe.BlobTests.UpdateDataSet" executed="True" result="Error" success="False" time="5.022" asserts="1">
                                <failure>
                                  <message><![CDATA[SetUp : MySql.Data.MySqlClient.MySqlException : Unable to connect to any of the specified MySQL hosts.
  ----> System.ArgumentException : 无效的句柄。
参数名: handle
TearDown : NUnit.Framework.AssertionException :   Too many processes still running
  Expected: 0
  But was:  1
]]></message>
                                  <stack-trace><![CDATA[在 MySql.Data.MySqlClient.NativeDriver.Open() 位置 D:\TFS\SSV4.X\src_V4.3\reference\mysql-connector-net\mysql-connector-net-6.3.7-src\Source\MySql.Data\NativeDriver.cs:行号 269
在 MySql.Data.MySqlClient.Driver.Open() 位置 D:\TFS\SSV4.X\src_V4.3\reference\mysql-connector-net\mysql-connector-net-6.3.7-src\Source\MySql.Data\Driver.cs:行号 212
在 MySql.Data.MySqlClient.Driver.Create(MySqlConnectionStringBuilder settings) 位置 D:\TFS\SSV4.X\src_V4.3\reference\mysql-connector-net\mysql-connector-net-6.3.7-src\Source\MySql.Data\Driver.cs:行号 200
在 MySql.Data.MySqlClient.MySqlConnection.Open() 位置 D:\TFS\SSV4.X\src_V4.3\reference\mysql-connector-net\mysql-connector-net-6.3.7-src\Source\MySql.Data\Connection.cs:行号 514
在 MySql.Data.MySqlClient.Tests.BaseTest.Open() 位置 D:\TFS\SSV4.X\src_V4.3\reference\mysql-connector-net\mysql-connector-net-6.3.7-src\Tests\MySql.Data.Tests\BaseTest.cs:行号 174
在 MySql.Data.MySqlClient.Tests.BaseTest.Setup() 位置 D:\TFS\SSV4.X\src_V4.3\reference\mysql-connector-net\mysql-connector-net-6.3.7-src\Tests\MySql.Data.Tests\BaseTest.cs:行号 215
--ArgumentException
在 System.IO.FileStream..ctor(SafeFileHandle handle, FileAccess access, Int32 bufferSize, Boolean isAsync)
在 MySql.Data.Common.NamedPipeStream.Open(String path, FileAccess mode, UInt32 timeout) 位置 D:\TFS\SSV4.X\src_V4.3\reference\mysql-connector-net\mysql-connector-net-6.3.7-src\Source\MySql.Data\common\NamedPipeStream.cs:行号 94
在 MySql.Data.Common.NamedPipeStream..ctor(String path, FileAccess mode, UInt32 timeout) 位置 D:\TFS\SSV4.X\src_V4.3\reference\mysql-connector-net\mysql-connector-net-6.3.7-src\Source\MySql.Data\common\NamedPipeStream.cs:行号 51
在 MySql.Data.Common.NamedPipeStream.Create(String pipeName, String hostname, UInt32 timeout) 位置 D:\TFS\SSV4.X\src_V4.3\reference\mysql-connector-net\mysql-connector-net-6.3.7-src\Source\MySql.Data\common\NamedPipeStream.cs:行号 233
在 MySql.Data.Common.StreamCreator.GetStreamFromHost(String pipeName, String hostName, UInt32 timeout) 位置 D:\TFS\SSV4.X\src_V4.3\reference\mysql-connector-net\mysql-connector-net-6.3.7-src\Source\MySql.Data\common\StreamCreator.cs:行号 61
在 MySql.Data.Common.StreamCreator.GetStream(UInt32 timeout) 位置 D:\TFS\SSV4.X\src_V4.3\reference\mysql-connector-net\mysql-connector-net-6.3.7-src\Source\MySql.Data\common\StreamCreator.cs:行号 105
在 MySql.Data.MySqlClient.NativeDriver.Open() 位置 D:\TFS\SSV4.X\src_V4.3\reference\mysql-connector-net\mysql-connector-net-6.3.7-src\Source\MySql.Data\NativeDriver.cs:行号 181
--TearDown
在 MySql.Data.MySqlClient.Tests.BaseTest.Teardown() 位置 D:\TFS\SSV4.X\src_V4.3\reference\mysql-connector-net\mysql-connector-net-6.3.7-src\Tests\MySql.Data.Tests\BaseTest.cs:行号 236
]]></stack-trace>
                                </failure>
                              </test-case>
                            </results>
                          </test-suite>
                          <test-suite type="TestFixture" name="BlobTestsPipeCompressed" executed="True" result="Failure" success="False" time="45.308" asserts="0">
                            <categories>
                              <category name="Pipe" />
                              <category name="Compressed" />
                            </categories>
                            <results>
                              <test-case name="MySql.Data.MySqlClient.Tests.BlobTestsPipeCompressed.BlobTests.BlobBiggerThanMaxPacket" executed="True" result="Error" success="False" time="5.021" asserts="1">
                                <failure>
                                  <message><![CDATA[SetUp : MySql.Data.MySqlClient.MySqlException : Unable to connect to any of the specified MySQL hosts.
  ----> System.ArgumentException : 无效的句柄。
参数名: handle
TearDown : NUnit.Framework.AssertionException :   Too many processes still running
  Expected: 0
  But was:  1
]]></message>
                                  <stack-trace><![CDATA[在 MySql.Data.MySqlClient.NativeDriver.Open() 位置 D:\TFS\SSV4.X\src_V4.3\reference\mysql-connector-net\mysql-connector-net-6.3.7-src\Source\MySql.Data\NativeDriver.cs:行号 269
在 MySql.Data.MySqlClient.Driver.Open() 位置 D:\TFS\SSV4.X\src_V4.3\reference\mysql-connector-net\mysql-connector-net-6.3.7-src\Source\MySql.Data\Driver.cs:行号 212
在 MySql.Data.MySqlClient.Driver.Create(MySqlConnectionStringBuilder settings) 位置 D:\TFS\SSV4.X\src_V4.3\reference\mysql-connector-net\mysql-connector-net-6.3.7-src\Source\MySql.Data\Driver.cs:行号 200
在 MySql.Data.MySqlClient.MySqlConnection.Open() 位置 D:\TFS\SSV4.X\src_V4.3\reference\mysql-connector-net\mysql-connector-net-6.3.7-src\Source\MySql.Data\Connection.cs:行号 514
在 MySql.Data.MySqlClient.Tests.BaseTest.Open() 位置 D:\TFS\SSV4.X\src_V4.3\reference\mysql-connector-net\mysql-connector-net-6.3.7-src\Tests\MySql.Data.Tests\BaseTest.cs:行号 174
在 MySql.Data.MySqlClient.Tests.BaseTest.Setup() 位置 D:\TFS\SSV4.X\src_V4.3\reference\mysql-connector-net\mysql-connector-net-6.3.7-src\Tests\MySql.Data.Tests\BaseTest.cs:行号 215
--ArgumentException
在 System.IO.FileStream..ctor(SafeFileHandle handle, FileAccess access, Int32 bufferSize, Boolean isAsync)
在 MySql.Data.Common.NamedPipeStream.Open(String path, FileAccess mode, UInt32 timeout) 位置 D:\TFS\SSV4.X\src_V4.3\reference\mysql-connector-net\mysql-connector-net-6.3.7-src\Source\MySql.Data\common\NamedPipeStream.cs:行号 94
在 MySql.Data.Common.NamedPipeStream..ctor(String path, FileAccess mode, UInt32 timeout) 位置 D:\TFS\SSV4.X\src_V4.3\reference\mysql-connector-net\mysql-connector-net-6.3.7-src\Source\MySql.Data\common\NamedPipeStream.cs:行号 51
在 MySql.Data.Common.NamedPipeStream.Create(String pipeName, String hostname, UInt32 timeout) 位置 D:\TFS\SSV4.X\src_V4.3\reference\mysql-connector-net\mysql-connector-net-6.3.7-src\Source\MySql.Data\common\NamedPipeStream.cs:行号 233
在 MySql.Data.Common.StreamCreator.GetStreamFromHost(String pipeName, String hostName, UInt32 timeout) 位置 D:\TFS\SSV4.X\src_V4.3\reference\mysql-connector-net\mysql-connector-net-6.3.7-src\Source\MySql.Data\common\StreamCreator.cs:行号 61
在 MySql.Data.Common.StreamCreator.GetStream(UInt32 timeout) 位置 D:\TFS\SSV4.X\src_V4.3\reference\mysql-connector-net\mysql-connector-net-6.3.7-src\Source\MySql.Data\common\StreamCreator.cs:行号 105
在 MySql.Data.MySqlClient.NativeDriver.Open() 位置 D:\TFS\SSV4.X\src_V4.3\reference\mysql-connector-net\mysql-connector-net-6.3.7-src\Source\MySql.Data\NativeDriver.cs:行号 181
--TearDown
在 MySql.Data.MySqlClient.Tests.BaseTest.Teardown() 位置 D:\TFS\SSV4.X\src_V4.3\reference\mysql-connector-net\mysql-connector-net-6.3.7-src\Tests\MySql.Data.Tests\BaseTest.cs:行号 236
]]></stack-trace>
                                </failure>
                              </test-case>
                              <test-case name="MySql.Data.MySqlClient.Tests.BlobTestsPipeCompressed.BlobTests.GetChars" executed="True" result="Error" success="False" time="5.018" asserts="1">
                                <failure>
                                  <message><![CDATA[SetUp : MySql.Data.MySqlClient.MySqlException : Unable to connect to any of the specified MySQL hosts.
  ----> System.ArgumentException : 无效的句柄。
参数名: handle
TearDown : NUnit.Framework.AssertionException :   Too many processes still running
  Expected: 0
  But was:  1
]]></message>
                                  <stack-trace><![CDATA[在 MySql.Data.MySqlClient.NativeDriver.Open() 位置 D:\TFS\SSV4.X\src_V4.3\reference\mysql-connector-net\mysql-connector-net-6.3.7-src\Source\MySql.Data\NativeDriver.cs:行号 269
在 MySql.Data.MySqlClient.Driver.Open() 位置 D:\TFS\SSV4.X\src_V4.3\reference\mysql-connector-net\mysql-connector-net-6.3.7-src\Source\MySql.Data\Driver.cs:行号 212
在 MySql.Data.MySqlClient.Driver.Create(MySqlConnectionStringBuilder settings) 位置 D:\TFS\SSV4.X\src_V4.3\reference\mysql-connector-net\mysql-connector-net-6.3.7-src\Source\MySql.Data\Driver.cs:行号 200
在 MySql.Data.MySqlClient.MySqlConnection.Open() 位置 D:\TFS\SSV4.X\src_V4.3\reference\mysql-connector-net\mysql-connector-net-6.3.7-src\Source\MySql.Data\Connection.cs:行号 514
在 MySql.Data.MySqlClient.Tests.BaseTest.Open() 位置 D:\TFS\SSV4.X\src_V4.3\reference\mysql-connector-net\mysql-connector-net-6.3.7-src\Tests\MySql.Data.Tests\BaseTest.cs:行号 174
在 MySql.Data.MySqlClient.Tests.BaseTest.Setup() 位置 D:\TFS\SSV4.X\src_V4.3\reference\mysql-connector-net\mysql-connector-net-6.3.7-src\Tests\MySql.Data.Tests\BaseTest.cs:行号 215
--ArgumentException
在 System.IO.FileStream..ctor(SafeFileHandle handle, FileAccess access, Int32 bufferSize, Boolean isAsync)
在 MySql.Data.Common.NamedPipeStream.Open(String path, FileAccess mode, UInt32 timeout) 位置 D:\TFS\SSV4.X\src_V4.3\reference\mysql-connector-net\mysql-connector-net-6.3.7-src\Source\MySql.Data\common\NamedPipeStream.cs:行号 94
在 MySql.Data.Common.NamedPipeStream..ctor(String path, FileAccess mode, UInt32 timeout) 位置 D:\TFS\SSV4.X\src_V4.3\reference\mysql-connector-net\mysql-connector-net-6.3.7-src\Source\MySql.Data\common\NamedPipeStream.cs:行号 51
在 MySql.Data.Common.NamedPipeStream.Create(String pipeName, String hostname, UInt32 timeout) 位置 D:\TFS\SSV4.X\src_V4.3\reference\mysql-connector-net\mysql-connector-net-6.3.7-src\Source\MySql.Data\common\NamedPipeStream.cs:行号 233
在 MySql.Data.Common.StreamCreator.GetStreamFromHost(String pipeName, String hostName, UInt32 timeout) 位置 D:\TFS\SSV4.X\src_V4.3\reference\mysql-connector-net\mysql-connector-net-6.3.7-src\Source\MySql.Data\common\StreamCreator.cs:行号 61
在 MySql.Data.Common.StreamCreator.GetStream(UInt32 timeout) 位置 D:\TFS\SSV4.X\src_V4.3\reference\mysql-connector-net\mysql-connector-net-6.3.7-src\Source\MySql.Data\common\StreamCreator.cs:行号 105
在 MySql.Data.MySqlClient.NativeDriver.Open() 位置 D:\TFS\SSV4.X\src_V4.3\reference\mysql-connector-net\mysql-connector-net-6.3.7-src\Source\MySql.Data\NativeDriver.cs:行号 181
--TearDown
在 MySql.Data.MySqlClient.Tests.BaseTest.Teardown() 位置 D:\TFS\SSV4.X\src_V4.3\reference\mysql-connector-net\mysql-connector-net-6.3.7-src\Tests\MySql.Data.Tests\BaseTest.cs:行号 236
]]></stack-trace>
                                </failure>
                              </test-case>
                              <test-case name="MySql.Data.MySqlClient.Tests.BlobTestsPipeCompressed.BlobTests.GetCharsOnLongTextColumn" executed="True" result="Error" success="False" time="5.066" asserts="1">
                                <failure>
                                  <message><![CDATA[SetUp : MySql.Data.MySqlClient.MySqlException : Unable to connect to any of the specified MySQL hosts.
  ----> System.ArgumentException : 无效的句柄。
参数名: handle
TearDown : NUnit.Framework.AssertionException :   Too many processes still running
  Expected: 0
  But was:  1
]]></message>
                                  <stack-trace><![CDATA[在 MySql.Data.MySqlClient.NativeDriver.Open() 位置 D:\TFS\SSV4.X\src_V4.3\reference\mysql-connector-net\mysql-connector-net-6.3.7-src\Source\MySql.Data\NativeDriver.cs:行号 269
在 MySql.Data.MySqlClient.Driver.Open() 位置 D:\TFS\SSV4.X\src_V4.3\reference\mysql-connector-net\mysql-connector-net-6.3.7-src\Source\MySql.Data\Driver.cs:行号 212
在 MySql.Data.MySqlClient.Driver.Create(MySqlConnectionStringBuilder settings) 位置 D:\TFS\SSV4.X\src_V4.3\reference\mysql-connector-net\mysql-connector-net-6.3.7-src\Source\MySql.Data\Driver.cs:行号 200
在 MySql.Data.MySqlClient.MySqlConnection.Open() 位置 D:\TFS\SSV4.X\src_V4.3\reference\mysql-connector-net\mysql-connector-net-6.3.7-src\Source\MySql.Data\Connection.cs:行号 514
在 MySql.Data.MySqlClient.Tests.BaseTest.Open() 位置 D:\TFS\SSV4.X\src_V4.3\reference\mysql-connector-net\mysql-connector-net-6.3.7-src\Tests\MySql.Data.Tests\BaseTest.cs:行号 174
在 MySql.Data.MySqlClient.Tests.BaseTest.Setup() 位置 D:\TFS\SSV4.X\src_V4.3\reference\mysql-connector-net\mysql-connector-net-6.3.7-src\Tests\MySql.Data.Tests\BaseTest.cs:行号 215
--ArgumentException
在 System.IO.FileStream..ctor(SafeFileHandle handle, FileAccess access, Int32 bufferSize, Boolean isAsync)
在 MySql.Data.Common.NamedPipeStream.Open(String path, FileAccess mode, UInt32 timeout) 位置 D:\TFS\SSV4.X\src_V4.3\reference\mysql-connector-net\mysql-connector-net-6.3.7-src\Source\MySql.Data\common\NamedPipeStream.cs:行号 94
在 MySql.Data.Common.NamedPipeStream..ctor(String path, FileAccess mode, UInt32 timeout) 位置 D:\TFS\SSV4.X\src_V4.3\reference\mysql-connector-net\mysql-connector-net-6.3.7-src\Source\MySql.Data\common\NamedPipeStream.cs:行号 51
在 MySql.Data.Common.NamedPipeStream.Create(String pipeName, String hostname, UInt32 timeout) 位置 D:\TFS\SSV4.X\src_V4.3\reference\mysql-connector-net\mysql-connector-net-6.3.7-src\Source\MySql.Data\common\NamedPipeStream.cs:行号 233
在 MySql.Data.Common.StreamCreator.GetStreamFromHost(String pipeName, String hostName, UInt32 timeout) 位置 D:\TFS\SSV4.X\src_V4.3\reference\mysql-connector-net\mysql-connector-net-6.3.7-src\Source\MySql.Data\common\StreamCreator.cs:行号 61
在 MySql.Data.Common.StreamCreator.GetStream(UInt32 timeout) 位置 D:\TFS\SSV4.X\src_V4.3\reference\mysql-connector-net\mysql-connector-net-6.3.7-src\Source\MySql.Data\common\StreamCreator.cs:行号 105
在 MySql.Data.MySqlClient.NativeDriver.Open() 位置 D:\TFS\SSV4.X\src_V4.3\reference\mysql-connector-net\mysql-connector-net-6.3.7-src\Source\MySql.Data\NativeDriver.cs:行号 181
--TearDown
在 MySql.Data.MySqlClient.Tests.BaseTest.Teardown() 位置 D:\TFS\SSV4.X\src_V4.3\reference\mysql-connector-net\mysql-connector-net-6.3.7-src\Tests\MySql.Data.Tests\BaseTest.cs:行号 236
]]></stack-trace>
                                </failure>
                              </test-case>
                              <test-case name="MySql.Data.MySqlClient.Tests.BlobTestsPipeCompressed.BlobTests.GetCharsPrepared" executed="True" result="Error" success="False" time="5.020" asserts="1">
                                <failure>
                                  <message><![CDATA[SetUp : MySql.Data.MySqlClient.MySqlException : Unable to connect to any of the specified MySQL hosts.
  ----> System.ArgumentException : 无效的句柄。
参数名: handle
TearDown : NUnit.Framework.AssertionException :   Too many processes still running
  Expected: 0
  But was:  1
]]></message>
                                  <stack-trace><![CDATA[在 MySql.Data.MySqlClient.NativeDriver.Open() 位置 D:\TFS\SSV4.X\src_V4.3\reference\mysql-connector-net\mysql-connector-net-6.3.7-src\Source\MySql.Data\NativeDriver.cs:行号 269
在 MySql.Data.MySqlClient.Driver.Open() 位置 D:\TFS\SSV4.X\src_V4.3\reference\mysql-connector-net\mysql-connector-net-6.3.7-src\Source\MySql.Data\Driver.cs:行号 212
在 MySql.Data.MySqlClient.Driver.Create(MySqlConnectionStringBuilder settings) 位置 D:\TFS\SSV4.X\src_V4.3\reference\mysql-connector-net\mysql-connector-net-6.3.7-src\Source\MySql.Data\Driver.cs:行号 200
在 MySql.Data.MySqlClient.MySqlConnection.Open() 位置 D:\TFS\SSV4.X\src_V4.3\reference\mysql-connector-net\mysql-connector-net-6.3.7-src\Source\MySql.Data\Connection.cs:行号 514
在 MySql.Data.MySqlClient.Tests.BaseTest.Open() 位置 D:\TFS\SSV4.X\src_V4.3\reference\mysql-connector-net\mysql-connector-net-6.3.7-src\Tests\MySql.Data.Tests\BaseTest.cs:行号 174
在 MySql.Data.MySqlClient.Tests.BaseTest.Setup() 位置 D:\TFS\SSV4.X\src_V4.3\reference\mysql-connector-net\mysql-connector-net-6.3.7-src\Tests\MySql.Data.Tests\BaseTest.cs:行号 215
--ArgumentException
在 System.IO.FileStream..ctor(SafeFileHandle handle, FileAccess access, Int32 bufferSize, Boolean isAsync)
在 MySql.Data.Common.NamedPipeStream.Open(String path, FileAccess mode, UInt32 timeout) 位置 D:\TFS\SSV4.X\src_V4.3\reference\mysql-connector-net\mysql-connector-net-6.3.7-src\Source\MySql.Data\common\NamedPipeStream.cs:行号 94
在 MySql.Data.Common.NamedPipeStream..ctor(String path, FileAccess mode, UInt32 timeout) 位置 D:\TFS\SSV4.X\src_V4.3\reference\mysql-connector-net\mysql-connector-net-6.3.7-src\Source\MySql.Data\common\NamedPipeStream.cs:行号 51
在 MySql.Data.Common.NamedPipeStream.Create(String pipeName, String hostname, UInt32 timeout) 位置 D:\TFS\SSV4.X\src_V4.3\reference\mysql-connector-net\mysql-connector-net-6.3.7-src\Source\MySql.Data\common\NamedPipeStream.cs:行号 233
在 MySql.Data.Common.StreamCreator.GetStreamFromHost(String pipeName, String hostName, UInt32 timeout) 位置 D:\TFS\SSV4.X\src_V4.3\reference\mysql-connector-net\mysql-connector-net-6.3.7-src\Source\MySql.Data\common\StreamCreator.cs:行号 61
在 MySql.Data.Common.StreamCreator.GetStream(UInt32 timeout) 位置 D:\TFS\SSV4.X\src_V4.3\reference\mysql-connector-net\mysql-connector-net-6.3.7-src\Source\MySql.Data\common\StreamCreator.cs:行号 105
在 MySql.Data.MySqlClient.NativeDriver.Open() 位置 D:\TFS\SSV4.X\src_V4.3\reference\mysql-connector-net\mysql-connector-net-6.3.7-src\Source\MySql.Data\NativeDriver.cs:行号 181
--TearDown
在 MySql.Data.MySqlClient.Tests.BaseTest.Teardown() 位置 D:\TFS\SSV4.X\src_V4.3\reference\mysql-connector-net\mysql-connector-net-6.3.7-src\Tests\MySql.Data.Tests\BaseTest.cs:行号 236
]]></stack-trace>
                                </failure>
                              </test-case>
                              <test-case name="MySql.Data.MySqlClient.Tests.BlobTestsPipeCompressed.BlobTests.InsertBinary" executed="True" result="Error" success="False" time="5.019" asserts="1">
                                <failure>
                                  <message><![CDATA[SetUp : MySql.Data.MySqlClient.MySqlException : Unable to connect to any of the specified MySQL hosts.
  ----> System.ArgumentException : 无效的句柄。
参数名: handle
TearDown : NUnit.Framework.AssertionException :   Too many processes still running
  Expected: 0
  But was:  1
]]></message>
                                  <stack-trace><![CDATA[在 MySql.Data.MySqlClient.NativeDriver.Open() 位置 D:\TFS\SSV4.X\src_V4.3\reference\mysql-connector-net\mysql-connector-net-6.3.7-src\Source\MySql.Data\NativeDriver.cs:行号 269
在 MySql.Data.MySqlClient.Driver.Open() 位置 D:\TFS\SSV4.X\src_V4.3\reference\mysql-connector-net\mysql-connector-net-6.3.7-src\Source\MySql.Data\Driver.cs:行号 212
在 MySql.Data.MySqlClient.Driver.Create(MySqlConnectionStringBuilder settings) 位置 D:\TFS\SSV4.X\src_V4.3\reference\mysql-connector-net\mysql-connector-net-6.3.7-src\Source\MySql.Data\Driver.cs:行号 200
在 MySql.Data.MySqlClient.MySqlConnection.Open() 位置 D:\TFS\SSV4.X\src_V4.3\reference\mysql-connector-net\mysql-connector-net-6.3.7-src\Source\MySql.Data\Connection.cs:行号 514
在 MySql.Data.MySqlClient.Tests.BaseTest.Open() 位置 D:\TFS\SSV4.X\src_V4.3\reference\mysql-connector-net\mysql-connector-net-6.3.7-src\Tests\MySql.Data.Tests\BaseTest.cs:行号 174
在 MySql.Data.MySqlClient.Tests.BaseTest.Setup() 位置 D:\TFS\SSV4.X\src_V4.3\reference\mysql-connector-net\mysql-connector-net-6.3.7-src\Tests\MySql.Data.Tests\BaseTest.cs:行号 215
--ArgumentException
在 System.IO.FileStream..ctor(SafeFileHandle handle, FileAccess access, Int32 bufferSize, Boolean isAsync)
在 MySql.Data.Common.NamedPipeStream.Open(String path, FileAccess mode, UInt32 timeout) 位置 D:\TFS\SSV4.X\src_V4.3\reference\mysql-connector-net\mysql-connector-net-6.3.7-src\Source\MySql.Data\common\NamedPipeStream.cs:行号 94
在 MySql.Data.Common.NamedPipeStream..ctor(String path, FileAccess mode, UInt32 timeout) 位置 D:\TFS\SSV4.X\src_V4.3\reference\mysql-connector-net\mysql-connector-net-6.3.7-src\Source\MySql.Data\common\NamedPipeStream.cs:行号 51
在 MySql.Data.Common.NamedPipeStream.Create(String pipeName, String hostname, UInt32 timeout) 位置 D:\TFS\SSV4.X\src_V4.3\reference\mysql-connector-net\mysql-connector-net-6.3.7-src\Source\MySql.Data\common\NamedPipeStream.cs:行号 233
在 MySql.Data.Common.StreamCreator.GetStreamFromHost(String pipeName, String hostName, UInt32 timeout) 位置 D:\TFS\SSV4.X\src_V4.3\reference\mysql-connector-net\mysql-connector-net-6.3.7-src\Source\MySql.Data\common\StreamCreator.cs:行号 61
在 MySql.Data.Common.StreamCreator.GetStream(UInt32 timeout) 位置 D:\TFS\SSV4.X\src_V4.3\reference\mysql-connector-net\mysql-connector-net-6.3.7-src\Source\MySql.Data\common\StreamCreator.cs:行号 105
在 MySql.Data.MySqlClient.NativeDriver.Open() 位置 D:\TFS\SSV4.X\src_V4.3\reference\mysql-connector-net\mysql-connector-net-6.3.7-src\Source\MySql.Data\NativeDriver.cs:行号 181
--TearDown
在 MySql.Data.MySqlClient.Tests.BaseTest.Teardown() 位置 D:\TFS\SSV4.X\src_V4.3\reference\mysql-connector-net\mysql-connector-net-6.3.7-src\Tests\MySql.Data.Tests\BaseTest.cs:行号 236
]]></stack-trace>
                                </failure>
                              </test-case>
                              <test-case name="MySql.Data.MySqlClient.Tests.BlobTestsPipeCompressed.BlobTests.InsertText" executed="True" result="Error" success="False" time="5.022" asserts="1">
                                <failure>
                                  <message><![CDATA[SetUp : MySql.Data.MySqlClient.MySqlException : Unable to connect to any of the specified MySQL hosts.
  ----> System.ArgumentException : 无效的句柄。
参数名: handle
TearDown : NUnit.Framework.AssertionException :   Too many processes still running
  Expected: 0
  But was:  1
]]></message>
                                  <stack-trace><![CDATA[在 MySql.Data.MySqlClient.NativeDriver.Open() 位置 D:\TFS\SSV4.X\src_V4.3\reference\mysql-connector-net\mysql-connector-net-6.3.7-src\Source\MySql.Data\NativeDriver.cs:行号 269
在 MySql.Data.MySqlClient.Driver.Open() 位置 D:\TFS\SSV4.X\src_V4.3\reference\mysql-connector-net\mysql-connector-net-6.3.7-src\Source\MySql.Data\Driver.cs:行号 212
在 MySql.Data.MySqlClient.Driver.Create(MySqlConnectionStringBuilder settings) 位置 D:\TFS\SSV4.X\src_V4.3\reference\mysql-connector-net\mysql-connector-net-6.3.7-src\Source\MySql.Data\Driver.cs:行号 200
在 MySql.Data.MySqlClient.MySqlConnection.Open() 位置 D:\TFS\SSV4.X\src_V4.3\reference\mysql-connector-net\mysql-connector-net-6.3.7-src\Source\MySql.Data\Connection.cs:行号 514
在 MySql.Data.MySqlClient.Tests.BaseTest.Open() 位置 D:\TFS\SSV4.X\src_V4.3\reference\mysql-connector-net\mysql-connector-net-6.3.7-src\Tests\MySql.Data.Tests\BaseTest.cs:行号 174
在 MySql.Data.MySqlClient.Tests.BaseTest.Setup() 位置 D:\TFS\SSV4.X\src_V4.3\reference\mysql-connector-net\mysql-connector-net-6.3.7-src\Tests\MySql.Data.Tests\BaseTest.cs:行号 215
--ArgumentException
在 System.IO.FileStream..ctor(SafeFileHandle handle, FileAccess access, Int32 bufferSize, Boolean isAsync)
在 MySql.Data.Common.NamedPipeStream.Open(String path, FileAccess mode, UInt32 timeout) 位置 D:\TFS\SSV4.X\src_V4.3\reference\mysql-connector-net\mysql-connector-net-6.3.7-src\Source\MySql.Data\common\NamedPipeStream.cs:行号 94
在 MySql.Data.Common.NamedPipeStream..ctor(String path, FileAccess mode, UInt32 timeout) 位置 D:\TFS\SSV4.X\src_V4.3\reference\mysql-connector-net\mysql-connector-net-6.3.7-src\Source\MySql.Data\common\NamedPipeStream.cs:行号 51
在 MySql.Data.Common.NamedPipeStream.Create(String pipeName, String hostname, UInt32 timeout) 位置 D:\TFS\SSV4.X\src_V4.3\reference\mysql-connector-net\mysql-connector-net-6.3.7-src\Source\MySql.Data\common\NamedPipeStream.cs:行号 233
在 MySql.Data.Common.StreamCreator.GetStreamFromHost(String pipeName, String hostName, UInt32 timeout) 位置 D:\TFS\SSV4.X\src_V4.3\reference\mysql-connector-net\mysql-connector-net-6.3.7-src\Source\MySql.Data\common\StreamCreator.cs:行号 61
在 MySql.Data.Common.StreamCreator.GetStream(UInt32 timeout) 位置 D:\TFS\SSV4.X\src_V4.3\reference\mysql-connector-net\mysql-connector-net-6.3.7-src\Source\MySql.Data\common\StreamCreator.cs:行号 105
在 MySql.Data.MySqlClient.NativeDriver.Open() 位置 D:\TFS\SSV4.X\src_V4.3\reference\mysql-connector-net\mysql-connector-net-6.3.7-src\Source\MySql.Data\NativeDriver.cs:行号 181
--TearDown
在 MySql.Data.MySqlClient.Tests.BaseTest.Teardown() 位置 D:\TFS\SSV4.X\src_V4.3\reference\mysql-connector-net\mysql-connector-net-6.3.7-src\Tests\MySql.Data.Tests\BaseTest.cs:行号 236
]]></stack-trace>
                                </failure>
                              </test-case>
                              <test-case name="MySql.Data.MySqlClient.Tests.BlobTestsPipeCompressed.BlobTests.InsertTextPrepared" executed="True" result="Error" success="False" time="5.022" asserts="1">
                                <failure>
                                  <message><![CDATA[SetUp : MySql.Data.MySqlClient.MySqlException : Unable to connect to any of the specified MySQL hosts.
  ----> System.ArgumentException : 无效的句柄。
参数名: handle
TearDown : NUnit.Framework.AssertionException :   Too many processes still running
  Expected: 0
  But was:  1
]]></message>
                                  <stack-trace><![CDATA[在 MySql.Data.MySqlClient.NativeDriver.Open() 位置 D:\TFS\SSV4.X\src_V4.3\reference\mysql-connector-net\mysql-connector-net-6.3.7-src\Source\MySql.Data\NativeDriver.cs:行号 269
在 MySql.Data.MySqlClient.Driver.Open() 位置 D:\TFS\SSV4.X\src_V4.3\reference\mysql-connector-net\mysql-connector-net-6.3.7-src\Source\MySql.Data\Driver.cs:行号 212
在 MySql.Data.MySqlClient.Driver.Create(MySqlConnectionStringBuilder settings) 位置 D:\TFS\SSV4.X\src_V4.3\reference\mysql-connector-net\mysql-connector-net-6.3.7-src\Source\MySql.Data\Driver.cs:行号 200
在 MySql.Data.MySqlClient.MySqlConnection.Open() 位置 D:\TFS\SSV4.X\src_V4.3\reference\mysql-connector-net\mysql-connector-net-6.3.7-src\Source\MySql.Data\Connection.cs:行号 514
在 MySql.Data.MySqlClient.Tests.BaseTest.Open() 位置 D:\TFS\SSV4.X\src_V4.3\reference\mysql-connector-net\mysql-connector-net-6.3.7-src\Tests\MySql.Data.Tests\BaseTest.cs:行号 174
在 MySql.Data.MySqlClient.Tests.BaseTest.Setup() 位置 D:\TFS\SSV4.X\src_V4.3\reference\mysql-connector-net\mysql-connector-net-6.3.7-src\Tests\MySql.Data.Tests\BaseTest.cs:行号 215
--ArgumentException
在 System.IO.FileStream..ctor(SafeFileHandle handle, FileAccess access, Int32 bufferSize, Boolean isAsync)
在 MySql.Data.Common.NamedPipeStream.Open(String path, FileAccess mode, UInt32 timeout) 位置 D:\TFS\SSV4.X\src_V4.3\reference\mysql-connector-net\mysql-connector-net-6.3.7-src\Source\MySql.Data\common\NamedPipeStream.cs:行号 94
在 MySql.Data.Common.NamedPipeStream..ctor(String path, FileAccess mode, UInt32 timeout) 位置 D:\TFS\SSV4.X\src_V4.3\reference\mysql-connector-net\mysql-connector-net-6.3.7-src\Source\MySql.Data\common\NamedPipeStream.cs:行号 51
在 MySql.Data.Common.NamedPipeStream.Create(String pipeName, String hostname, UInt32 timeout) 位置 D:\TFS\SSV4.X\src_V4.3\reference\mysql-connector-net\mysql-connector-net-6.3.7-src\Source\MySql.Data\common\NamedPipeStream.cs:行号 233
在 MySql.Data.Common.StreamCreator.GetStreamFromHost(String pipeName, String hostName, UInt32 timeout) 位置 D:\TFS\SSV4.X\src_V4.3\reference\mysql-connector-net\mysql-connector-net-6.3.7-src\Source\MySql.Data\common\StreamCreator.cs:行号 61
在 MySql.Data.Common.StreamCreator.GetStream(UInt32 timeout) 位置 D:\TFS\SSV4.X\src_V4.3\reference\mysql-connector-net\mysql-connector-net-6.3.7-src\Source\MySql.Data\common\StreamCreator.cs:行号 105
在 MySql.Data.MySqlClient.NativeDriver.Open() 位置 D:\TFS\SSV4.X\src_V4.3\reference\mysql-connector-net\mysql-connector-net-6.3.7-src\Source\MySql.Data\NativeDriver.cs:行号 181
--TearDown
在 MySql.Data.MySqlClient.Tests.BaseTest.Teardown() 位置 D:\TFS\SSV4.X\src_V4.3\reference\mysql-connector-net\mysql-connector-net-6.3.7-src\Tests\MySql.Data.Tests\BaseTest.cs:行号 236
]]></stack-trace>
                                </failure>
                              </test-case>
                              <test-case name="MySql.Data.MySqlClient.Tests.BlobTestsPipeCompressed.BlobTests.MediumIntBlobSize" executed="True" result="Error" success="False" time="5.024" asserts="1">
                                <failure>
                                  <message><![CDATA[SetUp : MySql.Data.MySqlClient.MySqlException : Unable to connect to any of the specified MySQL hosts.
  ----> System.ArgumentException : 无效的句柄。
参数名: handle
TearDown : NUnit.Framework.AssertionException :   Too many processes still running
  Expected: 0
  But was:  1
]]></message>
                                  <stack-trace><![CDATA[在 MySql.Data.MySqlClient.NativeDriver.Open() 位置 D:\TFS\SSV4.X\src_V4.3\reference\mysql-connector-net\mysql-connector-net-6.3.7-src\Source\MySql.Data\NativeDriver.cs:行号 269
在 MySql.Data.MySqlClient.Driver.Open() 位置 D:\TFS\SSV4.X\src_V4.3\reference\mysql-connector-net\mysql-connector-net-6.3.7-src\Source\MySql.Data\Driver.cs:行号 212
在 MySql.Data.MySqlClient.Driver.Create(MySqlConnectionStringBuilder settings) 位置 D:\TFS\SSV4.X\src_V4.3\reference\mysql-connector-net\mysql-connector-net-6.3.7-src\Source\MySql.Data\Driver.cs:行号 200
在 MySql.Data.MySqlClient.MySqlConnection.Open() 位置 D:\TFS\SSV4.X\src_V4.3\reference\mysql-connector-net\mysql-connector-net-6.3.7-src\Source\MySql.Data\Connection.cs:行号 514
在 MySql.Data.MySqlClient.Tests.BaseTest.Open() 位置 D:\TFS\SSV4.X\src_V4.3\reference\mysql-connector-net\mysql-connector-net-6.3.7-src\Tests\MySql.Data.Tests\BaseTest.cs:行号 174
在 MySql.Data.MySqlClient.Tests.BaseTest.Setup() 位置 D:\TFS\SSV4.X\src_V4.3\reference\mysql-connector-net\mysql-connector-net-6.3.7-src\Tests\MySql.Data.Tests\BaseTest.cs:行号 215
--ArgumentException
在 System.IO.FileStream..ctor(SafeFileHandle handle, FileAccess access, Int32 bufferSize, Boolean isAsync)
在 MySql.Data.Common.NamedPipeStream.Open(String path, FileAccess mode, UInt32 timeout) 位置 D:\TFS\SSV4.X\src_V4.3\reference\mysql-connector-net\mysql-connector-net-6.3.7-src\Source\MySql.Data\common\NamedPipeStream.cs:行号 94
在 MySql.Data.Common.NamedPipeStream..ctor(String path, FileAccess mode, UInt32 timeout) 位置 D:\TFS\SSV4.X\src_V4.3\reference\mysql-connector-net\mysql-connector-net-6.3.7-src\Source\MySql.Data\common\NamedPipeStream.cs:行号 51
在 MySql.Data.Common.NamedPipeStream.Create(String pipeName, String hostname, UInt32 timeout) 位置 D:\TFS\SSV4.X\src_V4.3\reference\mysql-connector-net\mysql-connector-net-6.3.7-src\Source\MySql.Data\common\NamedPipeStream.cs:行号 233
在 MySql.Data.Common.StreamCreator.GetStreamFromHost(String pipeName, String hostName, UInt32 timeout) 位置 D:\TFS\SSV4.X\src_V4.3\reference\mysql-connector-net\mysql-connector-net-6.3.7-src\Source\MySql.Data\common\StreamCreator.cs:行号 61
在 MySql.Data.Common.StreamCreator.GetStream(UInt32 timeout) 位置 D:\TFS\SSV4.X\src_V4.3\reference\mysql-connector-net\mysql-connector-net-6.3.7-src\Source\MySql.Data\common\StreamCreator.cs:行号 105
在 MySql.Data.MySqlClient.NativeDriver.Open() 位置 D:\TFS\SSV4.X\src_V4.3\reference\mysql-connector-net\mysql-connector-net-6.3.7-src\Source\MySql.Data\NativeDriver.cs:行号 181
--TearDown
在 MySql.Data.MySqlClient.Tests.BaseTest.Teardown() 位置 D:\TFS\SSV4.X\src_V4.3\reference\mysql-connector-net\mysql-connector-net-6.3.7-src\Tests\MySql.Data.Tests\BaseTest.cs:行号 236
]]></stack-trace>
                                </failure>
                              </test-case>
                              <test-case name="MySql.Data.MySqlClient.Tests.BlobTestsPipeCompressed.BlobTests.UpdateDataSet" executed="True" result="Error" success="False" time="5.020" asserts="1">
                                <failure>
                                  <message><![CDATA[SetUp : MySql.Data.MySqlClient.MySqlException : Unable to connect to any of the specified MySQL hosts.
  ----> System.ArgumentException : 无效的句柄。
参数名: handle
TearDown : NUnit.Framework.AssertionException :   Too many processes still running
  Expected: 0
  But was:  1
]]></message>
                                  <stack-trace><![CDATA[在 MySql.Data.MySqlClient.NativeDriver.Open() 位置 D:\TFS\SSV4.X\src_V4.3\reference\mysql-connector-net\mysql-connector-net-6.3.7-src\Source\MySql.Data\NativeDriver.cs:行号 269
在 MySql.Data.MySqlClient.Driver.Open() 位置 D:\TFS\SSV4.X\src_V4.3\reference\mysql-connector-net\mysql-connector-net-6.3.7-src\Source\MySql.Data\Driver.cs:行号 212
在 MySql.Data.MySqlClient.Driver.Create(MySqlConnectionStringBuilder settings) 位置 D:\TFS\SSV4.X\src_V4.3\reference\mysql-connector-net\mysql-connector-net-6.3.7-src\Source\MySql.Data\Driver.cs:行号 200
在 MySql.Data.MySqlClient.MySqlConnection.Open() 位置 D:\TFS\SSV4.X\src_V4.3\reference\mysql-connector-net\mysql-connector-net-6.3.7-src\Source\MySql.Data\Connection.cs:行号 514
在 MySql.Data.MySqlClient.Tests.BaseTest.Open() 位置 D:\TFS\SSV4.X\src_V4.3\reference\mysql-connector-net\mysql-connector-net-6.3.7-src\Tests\MySql.Data.Tests\BaseTest.cs:行号 174
在 MySql.Data.MySqlClient.Tests.BaseTest.Setup() 位置 D:\TFS\SSV4.X\src_V4.3\reference\mysql-connector-net\mysql-connector-net-6.3.7-src\Tests\MySql.Data.Tests\BaseTest.cs:行号 215
--ArgumentException
在 System.IO.FileStream..ctor(SafeFileHandle handle, FileAccess access, Int32 bufferSize, Boolean isAsync)
在 MySql.Data.Common.NamedPipeStream.Open(String path, FileAccess mode, UInt32 timeout) 位置 D:\TFS\SSV4.X\src_V4.3\reference\mysql-connector-net\mysql-connector-net-6.3.7-src\Source\MySql.Data\common\NamedPipeStream.cs:行号 94
在 MySql.Data.Common.NamedPipeStream..ctor(String path, FileAccess mode, UInt32 timeout) 位置 D:\TFS\SSV4.X\src_V4.3\reference\mysql-connector-net\mysql-connector-net-6.3.7-src\Source\MySql.Data\common\NamedPipeStream.cs:行号 51
在 MySql.Data.Common.NamedPipeStream.Create(String pipeName, String hostname, UInt32 timeout) 位置 D:\TFS\SSV4.X\src_V4.3\reference\mysql-connector-net\mysql-connector-net-6.3.7-src\Source\MySql.Data\common\NamedPipeStream.cs:行号 233
在 MySql.Data.Common.StreamCreator.GetStreamFromHost(String pipeName, String hostName, UInt32 timeout) 位置 D:\TFS\SSV4.X\src_V4.3\reference\mysql-connector-net\mysql-connector-net-6.3.7-src\Source\MySql.Data\common\StreamCreator.cs:行号 61
在 MySql.Data.Common.StreamCreator.GetStream(UInt32 timeout) 位置 D:\TFS\SSV4.X\src_V4.3\reference\mysql-connector-net\mysql-connector-net-6.3.7-src\Source\MySql.Data\common\StreamCreator.cs:行号 105
在 MySql.Data.MySqlClient.NativeDriver.Open() 位置 D:\TFS\SSV4.X\src_V4.3\reference\mysql-connector-net\mysql-connector-net-6.3.7-src\Source\MySql.Data\NativeDriver.cs:行号 181
--TearDown
在 MySql.Data.MySqlClient.Tests.BaseTest.Teardown() 位置 D:\TFS\SSV4.X\src_V4.3\reference\mysql-connector-net\mysql-connector-net-6.3.7-src\Tests\MySql.Data.Tests\BaseTest.cs:行号 236
]]></stack-trace>
                                </failure>
                              </test-case>
                            </results>
                          </test-suite>
                          <test-suite type="TestFixture" name="BlobTestsSharedMemory" executed="True" result="Failure" success="False" time="45.431" asserts="0">
                            <categories>
                              <category name="SharedMemory" />
                            </categories>
                            <results>
                              <test-case name="MySql.Data.MySqlClient.Tests.BlobTestsSharedMemory.BlobTests.BlobBiggerThanMaxPacket" executed="True" result="Error" success="False" time="5.107" asserts="1">
                                <failure>
                                  <message><![CDATA[SetUp : MySql.Data.MySqlClient.MySqlException : Unable to connect to any of the specified MySQL hosts.
  ----> System.Threading.WaitHandleCannotBeOpenedException : 不存在给定名称的句柄。
TearDown : NUnit.Framework.AssertionException :   Too many processes still running
  Expected: 0
  But was:  1
]]></message>
                                  <stack-trace><![CDATA[在 MySql.Data.MySqlClient.NativeDriver.Open() 位置 D:\TFS\SSV4.X\src_V4.3\reference\mysql-connector-net\mysql-connector-net-6.3.7-src\Source\MySql.Data\NativeDriver.cs:行号 269
在 MySql.Data.MySqlClient.Driver.Open() 位置 D:\TFS\SSV4.X\src_V4.3\reference\mysql-connector-net\mysql-connector-net-6.3.7-src\Source\MySql.Data\Driver.cs:行号 212
在 MySql.Data.MySqlClient.Driver.Create(MySqlConnectionStringBuilder settings) 位置 D:\TFS\SSV4.X\src_V4.3\reference\mysql-connector-net\mysql-connector-net-6.3.7-src\Source\MySql.Data\Driver.cs:行号 200
在 MySql.Data.MySqlClient.MySqlConnection.Open() 位置 D:\TFS\SSV4.X\src_V4.3\reference\mysql-connector-net\mysql-connector-net-6.3.7-src\Source\MySql.Data\Connection.cs:行号 514
在 MySql.Data.MySqlClient.Tests.BaseTest.Open() 位置 D:\TFS\SSV4.X\src_V4.3\reference\mysql-connector-net\mysql-connector-net-6.3.7-src\Tests\MySql.Data.Tests\BaseTest.cs:行号 174
在 MySql.Data.MySqlClient.Tests.BaseTest.Setup() 位置 D:\TFS\SSV4.X\src_V4.3\reference\mysql-connector-net\mysql-connector-net-6.3.7-src\Tests\MySql.Data.Tests\BaseTest.cs:行号 215
--WaitHandleCannotBeOpenedException
在 System.Threading.EventWaitHandle.OpenExisting(String name, EventWaitHandleRights rights)
在 MySql.Data.Common.SharedMemoryStream.GetConnectNumber(UInt32 timeOut) 位置 D:\TFS\SSV4.X\src_V4.3\reference\mysql-connector-net\mysql-connector-net-6.3.7-src\Source\MySql.Data\common\SharedMemoryStream.cs:行号 166
在 MySql.Data.Common.SharedMemoryStream.Open(UInt32 timeOut) 位置 D:\TFS\SSV4.X\src_V4.3\reference\mysql-connector-net\mysql-connector-net-6.3.7-src\Source\MySql.Data\common\SharedMemoryStream.cs:行号 120
在 MySql.Data.MySqlClient.NativeDriver.Open() 位置 D:\TFS\SSV4.X\src_V4.3\reference\mysql-connector-net\mysql-connector-net-6.3.7-src\Source\MySql.Data\NativeDriver.cs:行号 170
--TearDown
在 MySql.Data.MySqlClient.Tests.BaseTest.Teardown() 位置 D:\TFS\SSV4.X\src_V4.3\reference\mysql-connector-net\mysql-connector-net-6.3.7-src\Tests\MySql.Data.Tests\BaseTest.cs:行号 236
]]></stack-trace>
                                </failure>
                              </test-case>
                              <test-case name="MySql.Data.MySqlClient.Tests.BlobTestsSharedMemory.BlobTests.GetChars" executed="True" result="Error" success="False" time="5.021" asserts="1">
                                <failure>
                                  <message><![CDATA[SetUp : MySql.Data.MySqlClient.MySqlException : Unable to connect to any of the specified MySQL hosts.
  ----> System.Threading.WaitHandleCannotBeOpenedException : 不存在给定名称的句柄。
TearDown : NUnit.Framework.AssertionException :   Too many processes still running
  Expected: 0
  But was:  1
]]></message>
                                  <stack-trace><![CDATA[在 MySql.Data.MySqlClient.NativeDriver.Open() 位置 D:\TFS\SSV4.X\src_V4.3\reference\mysql-connector-net\mysql-connector-net-6.3.7-src\Source\MySql.Data\NativeDriver.cs:行号 269
在 MySql.Data.MySqlClient.Driver.Open() 位置 D:\TFS\SSV4.X\src_V4.3\reference\mysql-connector-net\mysql-connector-net-6.3.7-src\Source\MySql.Data\Driver.cs:行号 212
在 MySql.Data.MySqlClient.Driver.Create(MySqlConnectionStringBuilder settings) 位置 D:\TFS\SSV4.X\src_V4.3\reference\mysql-connector-net\mysql-connector-net-6.3.7-src\Source\MySql.Data\Driver.cs:行号 200
在 MySql.Data.MySqlClient.MySqlConnection.Open() 位置 D:\TFS\SSV4.X\src_V4.3\reference\mysql-connector-net\mysql-connector-net-6.3.7-src\Source\MySql.Data\Connection.cs:行号 514
在 MySql.Data.MySqlClient.Tests.BaseTest.Open() 位置 D:\TFS\SSV4.X\src_V4.3\reference\mysql-connector-net\mysql-connector-net-6.3.7-src\Tests\MySql.Data.Tests\BaseTest.cs:行号 174
在 MySql.Data.MySqlClient.Tests.BaseTest.Setup() 位置 D:\TFS\SSV4.X\src_V4.3\reference\mysql-connector-net\mysql-connector-net-6.3.7-src\Tests\MySql.Data.Tests\BaseTest.cs:行号 215
--WaitHandleCannotBeOpenedException
在 System.Threading.EventWaitHandle.OpenExisting(String name, EventWaitHandleRights rights)
在 MySql.Data.Common.SharedMemoryStream.GetConnectNumber(UInt32 timeOut) 位置 D:\TFS\SSV4.X\src_V4.3\reference\mysql-connector-net\mysql-connector-net-6.3.7-src\Source\MySql.Data\common\SharedMemoryStream.cs:行号 166
在 MySql.Data.Common.SharedMemoryStream.Open(UInt32 timeOut) 位置 D:\TFS\SSV4.X\src_V4.3\reference\mysql-connector-net\mysql-connector-net-6.3.7-src\Source\MySql.Data\common\SharedMemoryStream.cs:行号 120
在 MySql.Data.MySqlClient.NativeDriver.Open() 位置 D:\TFS\SSV4.X\src_V4.3\reference\mysql-connector-net\mysql-connector-net-6.3.7-src\Source\MySql.Data\NativeDriver.cs:行号 170
--TearDown
在 MySql.Data.MySqlClient.Tests.BaseTest.Teardown() 位置 D:\TFS\SSV4.X\src_V4.3\reference\mysql-connector-net\mysql-connector-net-6.3.7-src\Tests\MySql.Data.Tests\BaseTest.cs:行号 236
]]></stack-trace>
                                </failure>
                              </test-case>
                              <test-case name="MySql.Data.MySqlClient.Tests.BlobTestsSharedMemory.BlobTests.GetCharsOnLongTextColumn" executed="True" result="Error" success="False" time="5.021" asserts="1">
                                <failure>
                                  <message><![CDATA[SetUp : MySql.Data.MySqlClient.MySqlException : Unable to connect to any of the specified MySQL hosts.
  ----> System.Threading.WaitHandleCannotBeOpenedException : 不存在给定名称的句柄。
TearDown : NUnit.Framework.AssertionException :   Too many processes still running
  Expected: 0
  But was:  1
]]></message>
                                  <stack-trace><![CDATA[在 MySql.Data.MySqlClient.NativeDriver.Open() 位置 D:\TFS\SSV4.X\src_V4.3\reference\mysql-connector-net\mysql-connector-net-6.3.7-src\Source\MySql.Data\NativeDriver.cs:行号 269
在 MySql.Data.MySqlClient.Driver.Open() 位置 D:\TFS\SSV4.X\src_V4.3\reference\mysql-connector-net\mysql-connector-net-6.3.7-src\Source\MySql.Data\Driver.cs:行号 212
在 MySql.Data.MySqlClient.Driver.Create(MySqlConnectionStringBuilder settings) 位置 D:\TFS\SSV4.X\src_V4.3\reference\mysql-connector-net\mysql-connector-net-6.3.7-src\Source\MySql.Data\Driver.cs:行号 200
在 MySql.Data.MySqlClient.MySqlConnection.Open() 位置 D:\TFS\SSV4.X\src_V4.3\reference\mysql-connector-net\mysql-connector-net-6.3.7-src\Source\MySql.Data\Connection.cs:行号 514
在 MySql.Data.MySqlClient.Tests.BaseTest.Open() 位置 D:\TFS\SSV4.X\src_V4.3\reference\mysql-connector-net\mysql-connector-net-6.3.7-src\Tests\MySql.Data.Tests\BaseTest.cs:行号 174
在 MySql.Data.MySqlClient.Tests.BaseTest.Setup() 位置 D:\TFS\SSV4.X\src_V4.3\reference\mysql-connector-net\mysql-connector-net-6.3.7-src\Tests\MySql.Data.Tests\BaseTest.cs:行号 215
--WaitHandleCannotBeOpenedException
在 System.Threading.EventWaitHandle.OpenExisting(String name, EventWaitHandleRights rights)
在 MySql.Data.Common.SharedMemoryStream.GetConnectNumber(UInt32 timeOut) 位置 D:\TFS\SSV4.X\src_V4.3\reference\mysql-connector-net\mysql-connector-net-6.3.7-src\Source\MySql.Data\common\SharedMemoryStream.cs:行号 166
在 MySql.Data.Common.SharedMemoryStream.Open(UInt32 timeOut) 位置 D:\TFS\SSV4.X\src_V4.3\reference\mysql-connector-net\mysql-connector-net-6.3.7-src\Source\MySql.Data\common\SharedMemoryStream.cs:行号 120
在 MySql.Data.MySqlClient.NativeDriver.Open() 位置 D:\TFS\SSV4.X\src_V4.3\reference\mysql-connector-net\mysql-connector-net-6.3.7-src\Source\MySql.Data\NativeDriver.cs:行号 170
--TearDown
在 MySql.Data.MySqlClient.Tests.BaseTest.Teardown() 位置 D:\TFS\SSV4.X\src_V4.3\reference\mysql-connector-net\mysql-connector-net-6.3.7-src\Tests\MySql.Data.Tests\BaseTest.cs:行号 236
]]></stack-trace>
                                </failure>
                              </test-case>
                              <test-case name="MySql.Data.MySqlClient.Tests.BlobTestsSharedMemory.BlobTests.GetCharsPrepared" executed="True" result="Error" success="False" time="5.021" asserts="1">
                                <failure>
                                  <message><![CDATA[SetUp : MySql.Data.MySqlClient.MySqlException : Unable to connect to any of the specified MySQL hosts.
  ----> System.Threading.WaitHandleCannotBeOpenedException : 不存在给定名称的句柄。
TearDown : NUnit.Framework.AssertionException :   Too many processes still running
  Expected: 0
  But was:  1
]]></message>
                                  <stack-trace><![CDATA[在 MySql.Data.MySqlClient.NativeDriver.Open() 位置 D:\TFS\SSV4.X\src_V4.3\reference\mysql-connector-net\mysql-connector-net-6.3.7-src\Source\MySql.Data\NativeDriver.cs:行号 269
在 MySql.Data.MySqlClient.Driver.Open() 位置 D:\TFS\SSV4.X\src_V4.3\reference\mysql-connector-net\mysql-connector-net-6.3.7-src\Source\MySql.Data\Driver.cs:行号 212
在 MySql.Data.MySqlClient.Driver.Create(MySqlConnectionStringBuilder settings) 位置 D:\TFS\SSV4.X\src_V4.3\reference\mysql-connector-net\mysql-connector-net-6.3.7-src\Source\MySql.Data\Driver.cs:行号 200
在 MySql.Data.MySqlClient.MySqlConnection.Open() 位置 D:\TFS\SSV4.X\src_V4.3\reference\mysql-connector-net\mysql-connector-net-6.3.7-src\Source\MySql.Data\Connection.cs:行号 514
在 MySql.Data.MySqlClient.Tests.BaseTest.Open() 位置 D:\TFS\SSV4.X\src_V4.3\reference\mysql-connector-net\mysql-connector-net-6.3.7-src\Tests\MySql.Data.Tests\BaseTest.cs:行号 174
在 MySql.Data.MySqlClient.Tests.BaseTest.Setup() 位置 D:\TFS\SSV4.X\src_V4.3\reference\mysql-connector-net\mysql-connector-net-6.3.7-src\Tests\MySql.Data.Tests\BaseTest.cs:行号 215
--WaitHandleCannotBeOpenedException
在 System.Threading.EventWaitHandle.OpenExisting(String name, EventWaitHandleRights rights)
在 MySql.Data.Common.SharedMemoryStream.GetConnectNumber(UInt32 timeOut) 位置 D:\TFS\SSV4.X\src_V4.3\reference\mysql-connector-net\mysql-connector-net-6.3.7-src\Source\MySql.Data\common\SharedMemoryStream.cs:行号 166
在 MySql.Data.Common.SharedMemoryStream.Open(UInt32 timeOut) 位置 D:\TFS\SSV4.X\src_V4.3\reference\mysql-connector-net\mysql-connector-net-6.3.7-src\Source\MySql.Data\common\SharedMemoryStream.cs:行号 120
在 MySql.Data.MySqlClient.NativeDriver.Open() 位置 D:\TFS\SSV4.X\src_V4.3\reference\mysql-connector-net\mysql-connector-net-6.3.7-src\Source\MySql.Data\NativeDriver.cs:行号 170
--TearDown
在 MySql.Data.MySqlClient.Tests.BaseTest.Teardown() 位置 D:\TFS\SSV4.X\src_V4.3\reference\mysql-connector-net\mysql-connector-net-6.3.7-src\Tests\MySql.Data.Tests\BaseTest.cs:行号 236
]]></stack-trace>
                                </failure>
                              </test-case>
                              <test-case name="MySql.Data.MySqlClient.Tests.BlobTestsSharedMemory.BlobTests.InsertBinary" executed="True" result="Error" success="False" time="5.108" asserts="1">
                                <failure>
                                  <message><![CDATA[SetUp : MySql.Data.MySqlClient.MySqlException : Unable to connect to any of the specified MySQL hosts.
  ----> System.Threading.WaitHandleCannotBeOpenedException : 不存在给定名称的句柄。
TearDown : NUnit.Framework.AssertionException :   Too many processes still running
  Expected: 0
  But was:  1
]]></message>
                                  <stack-trace><![CDATA[在 MySql.Data.MySqlClient.NativeDriver.Open() 位置 D:\TFS\SSV4.X\src_V4.3\reference\mysql-connector-net\mysql-connector-net-6.3.7-src\Source\MySql.Data\NativeDriver.cs:行号 269
在 MySql.Data.MySqlClient.Driver.Open() 位置 D:\TFS\SSV4.X\src_V4.3\reference\mysql-connector-net\mysql-connector-net-6.3.7-src\Source\MySql.Data\Driver.cs:行号 212
在 MySql.Data.MySqlClient.Driver.Create(MySqlConnectionStringBuilder settings) 位置 D:\TFS\SSV4.X\src_V4.3\reference\mysql-connector-net\mysql-connector-net-6.3.7-src\Source\MySql.Data\Driver.cs:行号 200
在 MySql.Data.MySqlClient.MySqlConnection.Open() 位置 D:\TFS\SSV4.X\src_V4.3\reference\mysql-connector-net\mysql-connector-net-6.3.7-src\Source\MySql.Data\Connection.cs:行号 514
在 MySql.Data.MySqlClient.Tests.BaseTest.Open() 位置 D:\TFS\SSV4.X\src_V4.3\reference\mysql-connector-net\mysql-connector-net-6.3.7-src\Tests\MySql.Data.Tests\BaseTest.cs:行号 174
在 MySql.Data.MySqlClient.Tests.BaseTest.Setup() 位置 D:\TFS\SSV4.X\src_V4.3\reference\mysql-connector-net\mysql-connector-net-6.3.7-src\Tests\MySql.Data.Tests\BaseTest.cs:行号 215
[...]
在 MySql.Data.Common.SharedMemoryStream.GetConnectNumber(UInt32 timeOut) 位置 D:\TFS\SSV4.X\src_V4.3\reference\mysql-connector-net\mysql-connector-net-6.3.7-src\Source\MySql.Data\common\SharedMemoryStream.cs:行号 166
在 MySql.Data.Common.SharedMemoryStream.Open(UInt32 timeOut) 位置 D:\TFS\SSV4.X\src_V4.3\reference\mysql-connector-net\mysql-connector-net-6.3.7-src\Source\MySql.Data\common\SharedMemoryStream.cs:行号 120
在 MySql.Data.MySqlClient.NativeDriver.Open() 位置 D:\TFS\SSV4.X\src_V4.3\reference\mysql-connector-net\mysql-connector-net-6.3.7-src\Source\MySql.Data\NativeDriver.cs:行号 170
--TearDown
在 MySql.Data.MySqlClient.Tests.BaseTest.Teardown() 位置 D:\TFS\SSV4.X\src_V4.3\reference\mysql-connector-net\mysql-connector-net-6.3.7-src\Tests\MySql.Data.Tests\BaseTest.cs:行号 236
]]></stack-trace>
                                </failure>
                              </test-case>
                              <test-case name="MySql.Data.MySqlClient.Tests.TimeoutAndCancelSharedMemory.TimeoutAndCancel.WaitTimeoutExpiring" executed="True" result="Error" success="False" time="5.036" asserts="1">
                                <failure>
                                  <message><![CDATA[SetUp : MySql.Data.MySqlClient.MySqlException : Unable to connect to any of the specified MySQL hosts.
  ----> System.Threading.WaitHandleCannotBeOpenedException : 不存在给定名称的句柄。
TearDown : NUnit.Framework.AssertionException :   Too many processes still running
  Expected: 0
  But was:  1
]]></message>
                                  <stack-trace><![CDATA[在 MySql.Data.MySqlClient.NativeDriver.Open() 位置 D:\TFS\SSV4.X\src_V4.3\reference\mysql-connector-net\mysql-connector-net-6.3.7-src\Source\MySql.Data\NativeDriver.cs:行号 269
在 MySql.Data.MySqlClient.Driver.Open() 位置 D:\TFS\SSV4.X\src_V4.3\reference\mysql-connector-net\mysql-connector-net-6.3.7-src\Source\MySql.Data\Driver.cs:行号 212
在 MySql.Data.MySqlClient.Driver.Create(MySqlConnectionStringBuilder settings) 位置 D:\TFS\SSV4.X\src_V4.3\reference\mysql-connector-net\mysql-connector-net-6.3.7-src\Source\MySql.Data\Driver.cs:行号 200
在 MySql.Data.MySqlClient.MySqlConnection.Open() 位置 D:\TFS\SSV4.X\src_V4.3\reference\mysql-connector-net\mysql-connector-net-6.3.7-src\Source\MySql.Data\Connection.cs:行号 514
在 MySql.Data.MySqlClient.Tests.BaseTest.Open() 位置 D:\TFS\SSV4.X\src_V4.3\reference\mysql-connector-net\mysql-connector-net-6.3.7-src\Tests\MySql.Data.Tests\BaseTest.cs:行号 174
在 MySql.Data.MySqlClient.Tests.BaseTest.Setup() 位置 D:\TFS\SSV4.X\src_V4.3\reference\mysql-connector-net\mysql-connector-net-6.3.7-src\Tests\MySql.Data.Tests\BaseTest.cs:行号 215
--WaitHandleCannotBeOpenedException
在 System.Threading.EventWaitHandle.OpenExisting(String name, EventWaitHandleRights rights)
在 MySql.Data.Common.SharedMemoryStream.GetConnectNumber(UInt32 timeOut) 位置 D:\TFS\SSV4.X\src_V4.3\reference\mysql-connector-net\mysql-connector-net-6.3.7-src\Source\MySql.Data\common\SharedMemoryStream.cs:行号 166
在 MySql.Data.Common.SharedMemoryStream.Open(UInt32 timeOut) 位置 D:\TFS\SSV4.X\src_V4.3\reference\mysql-connector-net\mysql-connector-net-6.3.7-src\Source\MySql.Data\common\SharedMemoryStream.cs:行号 120
在 MySql.Data.MySqlClient.NativeDriver.Open() 位置 D:\TFS\SSV4.X\src_V4.3\reference\mysql-connector-net\mysql-connector-net-6.3.7-src\Source\MySql.Data\NativeDriver.cs:行号 170
--TearDown
在 MySql.Data.MySqlClient.Tests.BaseTest.Teardown() 位置 D:\TFS\SSV4.X\src_V4.3\reference\mysql-connector-net\mysql-connector-net-6.3.7-src\Tests\MySql.Data.Tests\BaseTest.cs:行号 236
]]></stack-trace>
                                </failure>
                              </test-case>
                            </results>
                          </test-suite>
                          <test-suite type="TestFixture" name="TimeoutAndCancelSocketCompressed" executed="True" result="Success" success="True" time="78.686" asserts="0">
                            <results>
                              <test-case name="MySql.Data.MySqlClient.Tests.TimeoutAndCancelSocketCompressed.TimeoutAndCancel.CancelSelect" executed="True" result="Success" success="True" time="26.978" asserts="2" />
                              <test-case name="MySql.Data.MySqlClient.Tests.TimeoutAndCancelSocketCompressed.TimeoutAndCancel.CancelSingleQuery" executed="True" result="Success" success="True" time="3.026" asserts="1" />
                              <test-case name="MySql.Data.MySqlClient.Tests.TimeoutAndCancelSocketCompressed.TimeoutAndCancel.ConnectionStringModifiedAfterCancel" executed="True" result="Success" success="True" time="4.537" asserts="4" />
                              <test-case name="MySql.Data.MySqlClient.Tests.TimeoutAndCancelSocketCompressed.TimeoutAndCancel.NetWriteTimeoutExpiring" executed="True" result="Success" success="True" time="24.747" asserts="2" />
                              <test-case name="MySql.Data.MySqlClient.Tests.TimeoutAndCancelSocketCompressed.TimeoutAndCancel.TimeoutDuringBatch" executed="True" result="Success" success="True" time="4.803" asserts="3" />
                              <test-case name="MySql.Data.MySqlClient.Tests.TimeoutAndCancelSocketCompressed.TimeoutAndCancel.TimeoutExpiring" executed="True" result="Success" success="True" time="3.521" asserts="4" />
                              <test-case name="MySql.Data.MySqlClient.Tests.TimeoutAndCancelSocketCompressed.TimeoutAndCancel.TimeoutNotExpiring" executed="True" result="Success" success="True" time="2.017" asserts="1" />
                              <test-case name="MySql.Data.MySqlClient.Tests.TimeoutAndCancelSocketCompressed.TimeoutAndCancel.TimeoutNotExpiring2" executed="True" result="Success" success="True" time="2.014" asserts="1" />
                              <test-case name="MySql.Data.MySqlClient.Tests.TimeoutAndCancelSocketCompressed.TimeoutAndCancel.WaitTimeoutExpiring" executed="True" result="Success" success="True" time="7.027" asserts="5" />
                            </results>
                          </test-suite>
                          <test-suite type="TestFixture" name="Tokenizer" executed="True" result="Success" success="True" time="14.413" asserts="0">
                            <results>
                              <test-case name="MySql.Data.MySqlClient.Tests.Tokenizer.AnsiQuotes" executed="True" result="Success" success="True" time="1.017" asserts="11" />
                              <test-case name="MySql.Data.MySqlClient.Tests.Tokenizer.DashSingleLineComment" executed="True" result="Success" success="True" time="1.015" asserts="12" />
                              <test-case name="MySql.Data.MySqlClient.Tests.Tokenizer.HashSingleLineComment" executed="True" result="Success" success="True" time="1.016" asserts="12" />
                              <test-case name="MySql.Data.MySqlClient.Tests.Tokenizer.MultiLineComment" executed="True" result="Success" success="True" time="1.016" asserts="12" />
                              <test-case name="MySql.Data.MySqlClient.Tests.Tokenizer.NextParameter" executed="True" result="Success" success="True" time="1.009" asserts="4" />
                              <test-case name="MySql.Data.MySqlClient.Tests.Tokenizer.NoSpaceAroundEquals" executed="True" result="Success" success="True" time="1.191" asserts="3" />
                              <test-case name="MySql.Data.MySqlClient.Tests.Tokenizer.Parameter" executed="True" result="Success" success="True" time="1.015" asserts="14" />
                              <test-case name="MySql.Data.MySqlClient.Tests.Tokenizer.ParameterWithSpecialCharacters" executed="True" result="Success" success="True" time="1.008" asserts="10" />
                              <test-case name="MySql.Data.MySqlClient.Tests.Tokenizer.ParseProcBody" executed="True" result="Success" success="True" time="1.011" asserts="20" />
                              <test-case name="MySql.Data.MySqlClient.Tests.Tokenizer.Simple" executed="True" result="Success" success="True" time="1.017" asserts="6" />
                              <test-case name="MySql.Data.MySqlClient.Tests.Tokenizer.Slash" executed="True" result="Success" success="True" time="1.018" asserts="6" />
                              <test-case name="MySql.Data.MySqlClient.Tests.Tokenizer.SqlServerMode" executed="True" result="Success" success="True" time="1.020" asserts="9" />
                              <test-case name="MySql.Data.MySqlClient.Tests.Tokenizer.StringLiteral" executed="True" result="Success" success="True" time="1.018" asserts="8" />
                              <test-case name="MySql.Data.MySqlClient.Tests.Tokenizer.UserVariable" executed="True" result="Success" success="True" time="1.019" asserts="8" />
                            </results>
                          </test-suite>
                          <test-suite type="TestFixture" name="Transactions" executed="True" result="Failure" success="False" time="229.244" asserts="0">
                            <results>
                              <test-case name="MySql.Data.MySqlClient.Tests.Transactions.AttemptToEnlistTwoConnections" executed="True" result="Success" success="True" time="2.245" asserts="1" />
                              <test-case name="MySql.Data.MySqlClient.Tests.Transactions.AttemptToUseConnectionAfterScopeTimeout" executed="True" result="Success" success="True" time="3.157" asserts="3" />
                              <test-case name="MySql.Data.MySqlClient.Tests.Transactions.Bug22042" executed="True" result="Success" success="True" time="2.014" asserts="1" />
                              <test-case name="MySql.Data.MySqlClient.Tests.Transactions.CommitDoesNotTimeout" executed="True" result="Error" success="False" time="158.940" asserts="97">
                                <failure>
                                  <message><![CDATA[MySql.Data.MySqlClient.MySqlException : Timeout expired.  The timeout period elapsed prior to completion of the operation or the server is not responding.
  ----> System.TimeoutException : Timeout in IO operation]]></message>
                                  <stack-trace><![CDATA[在 MySql.Data.MySqlClient.MySqlConnection.HandleTimeoutOrThreadAbort(Exception ex) 位置 D:\TFS\SSV4.X\src_V4.3\reference\mysql-connector-net\mysql-connector-net-6.3.7-src\Source\MySql.Data\Connection.cs:行号 687
在 MySql.Data.MySqlClient.MySqlDataReader.Read() 位置 D:\TFS\SSV4.X\src_V4.3\reference\mysql-connector-net\mysql-connector-net-6.3.7-src\Source\MySql.Data\datareader.cs:行号 962
在 MySql.Data.MySqlClient.Tests.Transactions.CommitDoesNotTimeout() 位置 D:\TFS\SSV4.X\src_V4.3\reference\mysql-connector-net\mysql-connector-net-6.3.7-src\Tests\MySql.Data.Tests\Transactions.cs:行号 843
--TimeoutException
在 MySql.Data.MySqlClient.TimedStream.StopTimer() 位置 D:\TFS\SSV4.X\src_V4.3\reference\mysql-connector-net\mysql-connector-net-6.3.7-src\Source\MySql.Data\TimedStream.cs:行号 148
在 MySql.Data.MySqlClient.TimedStream.Read(Byte[] buffer, Int32 offset, Int32 count) 位置 D:\TFS\SSV4.X\src_V4.3\reference\mysql-connector-net\mysql-connector-net-6.3.7-src\Source\MySql.Data\TimedStream.cs:行号 210
在 System.IO.BufferedStream.Read(Byte[] array, Int32 offset, Int32 count)
在 MySql.Data.MySqlClient.MySqlStream.ReadFully(Stream stream, Byte[] buffer, Int32 offset, Int32 count) 位置 D:\TFS\SSV4.X\src_V4.3\reference\mysql-connector-net\mysql-connector-net-6.3.7-src\Source\MySql.Data\MySqlStream.cs:行号 164
在 MySql.Data.MySqlClient.MySqlStream.LoadPacket() 位置 D:\TFS\SSV4.X\src_V4.3\reference\mysql-connector-net\mysql-connector-net-6.3.7-src\Source\MySql.Data\MySqlStream.cs:行号 193
在 MySql.Data.MySqlClient.MySqlStream.ReadPacket() 位置 D:\TFS\SSV4.X\src_V4.3\reference\mysql-connector-net\mysql-connector-net-6.3.7-src\Source\MySql.Data\MySqlStream.cs:行号 130
在 MySql.Data.MySqlClient.NativeDriver.FetchDataRow(Int32 statementId, Int32 columns) 位置 D:\TFS\SSV4.X\src_V4.3\reference\mysql-connector-net\mysql-connector-net-6.3.7-src\Source\MySql.Data\NativeDriver.cs:行号 855
在 MySql.Data.MySqlClient.Driver.FetchDataRow(Int32 statementId, Int32 columns) 位置 D:\TFS\SSV4.X\src_V4.3\reference\mysql-connector-net\mysql-connector-net-6.3.7-src\Source\MySql.Data\Driver.cs:行号 378
在 MySql.Data.MySqlClient.ResultSet.GetNextRow() 位置 D:\TFS\SSV4.X\src_V4.3\reference\mysql-connector-net\mysql-connector-net-6.3.7-src\Source\MySql.Data\ResultSet.cs:行号 175
在 MySql.Data.MySqlClient.ResultSet.NextRow(CommandBehavior behavior) 位置 D:\TFS\SSV4.X\src_V4.3\reference\mysql-connector-net\mysql-connector-net-6.3.7-src\Source\MySql.Data\ResultSet.cs:行号 198
在 MySql.Data.MySqlClient.MySqlDataReader.Read() 位置 D:\TFS\SSV4.X\src_V4.3\reference\mysql-connector-net\mysql-connector-net-6.3.7-src\Source\MySql.Data\datareader.cs:行号 958
]]></stack-trace>
                                </failure>
                              </test-case>
                              <test-case name="MySql.Data.MySqlClient.Tests.Transactions.EnlistTransactionNullTest" executed="True" result="Success" success="True" time="1.015" asserts="1" />
                              <test-case name="MySql.Data.MySqlClient.Tests.Transactions.EnlistTransactionWNestedTrxTest" executed="True" result="Success" success="True" time="1.094" asserts="1" />
                              <test-case name="MySql.Data.MySqlClient.Tests.Transactions.LockedTable" executed="True" result="Error" success="False" time="2.284" asserts="1">
                                <failure>
                                  <message><![CDATA[MySql.Data.MySqlClient.MySqlException : Access denied for user 'root'@'localhost' (using password: NO)]]></message>
                                  <stack-trace><![CDATA[在 MySql.Data.MySqlClient.MySqlStream.ReadPacket() 位置 D:\TFS\SSV4.X\src_V4.3\reference\mysql-connector-net\mysql-connector-net-6.3.7-src\Source\MySql.Data\MySqlStream.cs:行号 146
在 MySql.Data.MySqlClient.NativeDriver.AuthenticateNew() 位置 D:\TFS\SSV4.X\src_V4.3\reference\mysql-connector-net\mysql-connector-net-6.3.7-src\Source\MySql.Data\NativeDriver.cs:行号 448
在 MySql.Data.MySqlClient.NativeDriver.Authenticate() 位置 D:\TFS\SSV4.X\src_V4.3\reference\mysql-connector-net\mysql-connector-net-6.3.7-src\Source\MySql.Data\NativeDriver.cs:行号 476
在 MySql.Data.MySqlClient.NativeDriver.Open() 位置 D:\TFS\SSV4.X\src_V4.3\reference\mysql-connector-net\mysql-connector-net-6.3.7-src\Source\MySql.Data\NativeDriver.cs:行号 257
在 MySql.Data.MySqlClient.Driver.Open() 位置 D:\TFS\SSV4.X\src_V4.3\reference\mysql-connector-net\mysql-connector-net-6.3.7-src\Source\MySql.Data\Driver.cs:行号 212
在 MySql.Data.MySqlClient.Driver.Create(MySqlConnectionStringBuilder settings) 位置 D:\TFS\SSV4.X\src_V4.3\reference\mysql-connector-net\mysql-connector-net-6.3.7-src\Source\MySql.Data\Driver.cs:行号 200
在 MySql.Data.MySqlClient.MySqlPool.CreateNewPooledConnection() 位置 D:\TFS\SSV4.X\src_V4.3\reference\mysql-connector-net\mysql-connector-net-6.3.7-src\Source\MySql.Data\MySqlPool.cs:行号 172
在 MySql.Data.MySqlClient.MySqlPool.GetPooledConnection() 位置 D:\TFS\SSV4.X\src_V4.3\reference\mysql-connector-net\mysql-connector-net-6.3.7-src\Source\MySql.Data\MySqlPool.cs:行号 155
在 MySql.Data.MySqlClient.MySqlPool.TryToGetDriver() 位置 D:\TFS\SSV4.X\src_V4.3\reference\mysql-connector-net\mysql-connector-net-6.3.7-src\Source\MySql.Data\MySqlPool.cs:行号 246
在 MySql.Data.MySqlClient.MySqlPool.GetConnection() 位置 D:\TFS\SSV4.X\src_V4.3\reference\mysql-connector-net\mysql-connector-net-6.3.7-src\Source\MySql.Data\MySqlPool.cs:行号 257
在 MySql.Data.MySqlClient.MySqlConnection.Open() 位置 D:\TFS\SSV4.X\src_V4.3\reference\mysql-connector-net\mysql-connector-net-6.3.7-src\Source\MySql.Data\Connection.cs:行号 514
在 MySql.Data.MySqlClient.Tests.Transactions.LockedTable() 位置 D:\TFS\SSV4.X\src_V4.3\reference\mysql-connector-net\mysql-connector-net-6.3.7-src\Tests\MySql.Data.Tests\Transactions.cs:行号 212
]]></stack-trace>
                                </failure>
                              </test-case>
                              <test-case name="MySql.Data.MySqlClient.Tests.Transactions.ManualEnlistment" executed="True" result="Success" success="True" time="3.233" asserts="2" />
                              <test-case name="MySql.Data.MySqlClient.Tests.Transactions.ManualEnlistmentWithActiveConnection" executed="True" result="Success" success="True" time="3.024" asserts="1" />
                              <test-case name="MySql.Data.MySqlClient.Tests.Transactions.ManuallyEnlistingInitialConnection" executed="True" result="Success" success="True" time="4.287" asserts="1" />
                              <test-case name="MySql.Data.MySqlClient.Tests.Transactions.ManuallyEnlistingInitialConnectionNoComplete" executed="True" result="Success" success="True" time="4.221" asserts="1" />
                              <test-case name="MySql.Data.MySqlClient.Tests.Transactions.NestedScope" executed="True" result="Success" success="True" time="23.190" asserts="23" />
                              <test-case name="MySql.Data.MySqlClient.Tests.Transactions.ReusingSameConnection" executed="True" result="Success" success="True" time="5.634" asserts="13" />
                              <test-case name="MySql.Data.MySqlClient.Tests.Transactions.RollingBackOnClose" executed="True" result="Success" success="True" time="2.194" asserts="2" />
                              <test-case name="MySql.Data.MySqlClient.Tests.Transactions.ScopeTimeoutWithMySqlHelper" executed="True" result="Success" success="True" time="3.159" asserts="2" />
                              <test-case name="MySql.Data.MySqlClient.Tests.Transactions.TransactionScopeCommit" executed="True" result="Success" success="True" time="2.167" asserts="2" />
                              <test-case name="MySql.Data.MySqlClient.Tests.Transactions.TransactionScopeRollback" executed="True" result="Success" success="True" time="2.309" asserts="2" />
                              <test-case name="MySql.Data.MySqlClient.Tests.Transactions.TransactionScopeWithIsolationLevel" executed="True" result="Success" success="True" time="2.024" asserts="2" />
                              <test-case name="MySql.Data.MySqlClient.Tests.Transactions.TransactionScopeWithThreads" executed="True" result="Success" success="True" time="3.017" asserts="1" />
                            </results>
                          </test-suite>
                          <test-suite type="TestFixture" name="UsageAdvisorTests" executed="True" result="Success" success="True" time="6.343" asserts="0">
                            <results>
                              <test-case name="MySql.Data.MySqlClient.Tests.UsageAdvisorTests.BadIndexUsed" executed="True" result="Success" success="True" time="1.390" asserts="8" />
                              <test-case name="MySql.Data.MySqlClient.Tests.UsageAdvisorTests.FieldConversion" executed="True" result="Success" success="True" time="1.186" asserts="8" />
                              <test-case name="MySql.Data.MySqlClient.Tests.UsageAdvisorTests.NoIndexUsed" executed="True" result="Success" success="True" time="1.180" asserts="8" />
                              <test-case name="MySql.Data.MySqlClient.Tests.UsageAdvisorTests.NotReadingEveryField" executed="True" result="Success" success="True" time="1.228" asserts="17" />
                              <test-case name="MySql.Data.MySqlClient.Tests.UsageAdvisorTests.NotReadingEveryRow" executed="True" result="Success" success="True" time="1.227" asserts="15" />
                            </results>
                          </test-suite>
                        </results>
                      </test-suite>
                    </results>
                  </test-suite>
                </results>
              </test-suite>
            </results>
          </test-suite>
        </results>
      </test-suite>
    </results>
  </test-suite>
</test-results>